2018-09-13 13:22:06.745 [http-nio-8888-exec-9] DEBUG com.lc.mapper.SysUserMapper.findUserByUsername - ==>  Preparing: select id,password,username from SYS_user WHERE username = ? 
2018-09-13 13:22:06.825 [http-nio-8888-exec-9] DEBUG com.lc.mapper.SysUserMapper.findUserByUsername - ==> Parameters: qq(String)
2018-09-13 13:22:06.875 [http-nio-8888-exec-9] DEBUG com.lc.mapper.SysUserMapper.findUserByUsername - <==      Total: 1
2018-09-13 13:22:06.876 [http-nio-8888-exec-9] DEBUG com.lc.mapper.SysUserMapper.findRolesByUsername - ==>  Preparing: select sr.* from sys_user su left join sys_role_user sur on su.id = sur.sys_user_id left join sys_role sr on sur.sys_role_id = sr.id where su.username = ? 
2018-09-13 13:22:06.876 [http-nio-8888-exec-9] DEBUG com.lc.mapper.SysUserMapper.findRolesByUsername - ==> Parameters: qq(String)
2018-09-13 13:22:06.888 [http-nio-8888-exec-9] DEBUG com.lc.mapper.SysUserMapper.findRolesByUsername - <==      Total: 2
2018-09-13 13:22:06.890 [http-nio-8888-exec-9] DEBUG c.lc.mapper.SysUserMapper.findUserStatusByUsername - ==>  Preparing: select su.status from sys_user su where su.username=? 
2018-09-13 13:22:06.890 [http-nio-8888-exec-9] DEBUG c.lc.mapper.SysUserMapper.findUserStatusByUsername - ==> Parameters: qq(String)
2018-09-13 13:22:06.891 [http-nio-8888-exec-9] DEBUG c.lc.mapper.SysUserMapper.findUserStatusByUsername - <==      Total: 1
2018-09-13 13:22:34.383 [http-nio-8888-exec-10] DEBUG com.lc.mapper.SysUserMapper.findUserByUsername - ==>  Preparing: select id,password,username from SYS_user WHERE username = ? 
2018-09-13 13:22:34.383 [http-nio-8888-exec-10] DEBUG com.lc.mapper.SysUserMapper.findUserByUsername - ==> Parameters: qq(String)
2018-09-13 13:22:34.394 [http-nio-8888-exec-10] DEBUG com.lc.mapper.SysUserMapper.findUserByUsername - <==      Total: 1
2018-09-13 13:22:34.395 [http-nio-8888-exec-10] DEBUG com.lc.mapper.SysUserMapper.findRolesByUsername - ==>  Preparing: select sr.* from sys_user su left join sys_role_user sur on su.id = sur.sys_user_id left join sys_role sr on sur.sys_role_id = sr.id where su.username = ? 
2018-09-13 13:22:34.395 [http-nio-8888-exec-10] DEBUG com.lc.mapper.SysUserMapper.findRolesByUsername - ==> Parameters: qq(String)
2018-09-13 13:22:34.398 [http-nio-8888-exec-10] DEBUG com.lc.mapper.SysUserMapper.findRolesByUsername - <==      Total: 2
2018-09-13 13:22:34.399 [http-nio-8888-exec-10] DEBUG c.lc.mapper.SysUserMapper.findUserStatusByUsername - ==>  Preparing: select su.status from sys_user su where su.username=? 
2018-09-13 13:22:34.400 [http-nio-8888-exec-10] DEBUG c.lc.mapper.SysUserMapper.findUserStatusByUsername - ==> Parameters: qq(String)
2018-09-13 13:22:34.402 [http-nio-8888-exec-10] DEBUG c.lc.mapper.SysUserMapper.findUserStatusByUsername - <==      Total: 1
2018-09-13 13:26:21.083 [http-nio-8888-exec-6] DEBUG com.lc.mapper.SysUserMapper.findUserByUsername - ==>  Preparing: select id,password,username from SYS_user WHERE username = ? 
2018-09-13 13:26:21.083 [http-nio-8888-exec-6] DEBUG com.lc.mapper.SysUserMapper.findUserByUsername - ==> Parameters: qqa(String)
2018-09-13 13:26:21.084 [http-nio-8888-exec-6] DEBUG com.lc.mapper.SysUserMapper.findUserByUsername - <==      Total: 0
2018-09-13 13:26:31.498 [http-nio-8888-exec-4] DEBUG com.lc.mapper.SysUserMapper.findUserByUsername - ==>  Preparing: select id,password,username from SYS_user WHERE username = ? 
2018-09-13 13:26:31.499 [http-nio-8888-exec-4] DEBUG com.lc.mapper.SysUserMapper.findUserByUsername - ==> Parameters: qq(String)
2018-09-13 13:26:31.503 [http-nio-8888-exec-4] DEBUG com.lc.mapper.SysUserMapper.findUserByUsername - <==      Total: 1
2018-09-13 13:26:31.505 [http-nio-8888-exec-4] DEBUG com.lc.mapper.SysUserMapper.findRolesByUsername - ==>  Preparing: select sr.* from sys_user su left join sys_role_user sur on su.id = sur.sys_user_id left join sys_role sr on sur.sys_role_id = sr.id where su.username = ? 
2018-09-13 13:26:31.505 [http-nio-8888-exec-4] DEBUG com.lc.mapper.SysUserMapper.findRolesByUsername - ==> Parameters: qq(String)
2018-09-13 13:26:31.509 [http-nio-8888-exec-4] DEBUG com.lc.mapper.SysUserMapper.findRolesByUsername - <==      Total: 2
2018-09-13 13:26:31.510 [http-nio-8888-exec-4] DEBUG c.lc.mapper.SysUserMapper.findUserStatusByUsername - ==>  Preparing: select su.status from sys_user su where su.username=? 
2018-09-13 13:26:31.510 [http-nio-8888-exec-4] DEBUG c.lc.mapper.SysUserMapper.findUserStatusByUsername - ==> Parameters: qq(String)
2018-09-13 13:26:31.512 [http-nio-8888-exec-4] DEBUG c.lc.mapper.SysUserMapper.findUserStatusByUsername - <==      Total: 1
2018-09-13 13:29:18.798 [http-nio-8888-exec-2] DEBUG com.lc.mapper.SysUserMapper.findUserByUsername - ==>  Preparing: select id,password,username from SYS_user WHERE username = ? 
2018-09-13 13:29:18.799 [http-nio-8888-exec-2] DEBUG com.lc.mapper.SysUserMapper.findUserByUsername - ==> Parameters: qq(String)
2018-09-13 13:29:18.801 [http-nio-8888-exec-2] DEBUG com.lc.mapper.SysUserMapper.findUserByUsername - <==      Total: 1
2018-09-13 13:29:18.803 [http-nio-8888-exec-2] DEBUG com.lc.mapper.SysUserMapper.findRolesByUsername - ==>  Preparing: select sr.* from sys_user su left join sys_role_user sur on su.id = sur.sys_user_id left join sys_role sr on sur.sys_role_id = sr.id where su.username = ? 
2018-09-13 13:29:18.803 [http-nio-8888-exec-2] DEBUG com.lc.mapper.SysUserMapper.findRolesByUsername - ==> Parameters: qq(String)
2018-09-13 13:29:18.807 [http-nio-8888-exec-2] DEBUG com.lc.mapper.SysUserMapper.findRolesByUsername - <==      Total: 2
2018-09-13 13:29:18.808 [http-nio-8888-exec-2] DEBUG c.lc.mapper.SysUserMapper.findUserStatusByUsername - ==>  Preparing: select su.status from sys_user su where su.username=? 
2018-09-13 13:29:18.808 [http-nio-8888-exec-2] DEBUG c.lc.mapper.SysUserMapper.findUserStatusByUsername - ==> Parameters: qq(String)
2018-09-13 13:29:18.809 [http-nio-8888-exec-2] DEBUG c.lc.mapper.SysUserMapper.findUserStatusByUsername - <==      Total: 1
2018-09-13 16:04:37.862 [http-nio-8888-exec-3] DEBUG com.lc.mapper.SysUserMapper.findUserByUsername - ==>  Preparing: select id,password,username from SYS_user WHERE username = ? 
2018-09-13 16:04:37.924 [http-nio-8888-exec-3] DEBUG com.lc.mapper.SysUserMapper.findUserByUsername - ==> Parameters: qq(String)
2018-09-13 16:04:37.946 [http-nio-8888-exec-3] DEBUG com.lc.mapper.SysUserMapper.findUserByUsername - <==      Total: 1
2018-09-13 16:04:37.948 [http-nio-8888-exec-3] DEBUG com.lc.mapper.SysUserMapper.findRolesByUsername - ==>  Preparing: select sr.* from sys_user su left join sys_role_user sur on su.id = sur.sys_user_id left join sys_role sr on sur.sys_role_id = sr.id where su.username = ? 
2018-09-13 16:04:37.948 [http-nio-8888-exec-3] DEBUG com.lc.mapper.SysUserMapper.findRolesByUsername - ==> Parameters: qq(String)
2018-09-13 16:04:37.952 [http-nio-8888-exec-3] DEBUG com.lc.mapper.SysUserMapper.findRolesByUsername - <==      Total: 2
2018-09-13 16:04:37.953 [http-nio-8888-exec-3] DEBUG c.lc.mapper.SysUserMapper.findUserStatusByUsername - ==>  Preparing: select su.status from sys_user su where su.username=? 
2018-09-13 16:04:37.954 [http-nio-8888-exec-3] DEBUG c.lc.mapper.SysUserMapper.findUserStatusByUsername - ==> Parameters: qq(String)
2018-09-13 16:04:37.955 [http-nio-8888-exec-3] DEBUG c.lc.mapper.SysUserMapper.findUserStatusByUsername - <==      Total: 1
2018-09-13 16:09:25.529 [http-nio-8888-exec-6] DEBUG com.lc.mapper.SysUserMapper.findUserByUsername - ==>  Preparing: select id,password,username from SYS_user WHERE username = ? 
2018-09-13 16:09:25.551 [http-nio-8888-exec-6] DEBUG com.lc.mapper.SysUserMapper.findUserByUsername - ==> Parameters: qq(String)
2018-09-13 16:09:25.566 [http-nio-8888-exec-6] DEBUG com.lc.mapper.SysUserMapper.findUserByUsername - <==      Total: 1
2018-09-13 16:09:25.567 [http-nio-8888-exec-6] DEBUG com.lc.mapper.SysUserMapper.findRolesByUsername - ==>  Preparing: select sr.* from sys_user su left join sys_role_user sur on su.id = sur.sys_user_id left join sys_role sr on sur.sys_role_id = sr.id where su.username = ? 
2018-09-13 16:09:25.567 [http-nio-8888-exec-6] DEBUG com.lc.mapper.SysUserMapper.findRolesByUsername - ==> Parameters: qq(String)
2018-09-13 16:09:25.570 [http-nio-8888-exec-6] DEBUG com.lc.mapper.SysUserMapper.findRolesByUsername - <==      Total: 2
2018-09-13 16:09:25.572 [http-nio-8888-exec-6] DEBUG c.lc.mapper.SysUserMapper.findUserStatusByUsername - ==>  Preparing: select su.status from sys_user su where su.username=? 
2018-09-13 16:09:25.572 [http-nio-8888-exec-6] DEBUG c.lc.mapper.SysUserMapper.findUserStatusByUsername - ==> Parameters: qq(String)
2018-09-13 16:09:25.573 [http-nio-8888-exec-6] DEBUG c.lc.mapper.SysUserMapper.findUserStatusByUsername - <==      Total: 1
