2018-09-17 10:24:16.796 [restartedMain] WARN  o.s.b.a.o.j.JpaBaseConfiguration$JpaWebConfiguration$JpaWebMvcConfiguration - spring.jpa.open-in-view is enabled by default. Therefore, database queries may be performed during view rendering. Explicitly configure spring.jpa.open-in-view to disable this warning
2018-09-17 10:24:17.077 [restartedMain] WARN  org.thymeleaf.templatemode.TemplateMode - [THYMELEAF][restartedMain] Template Mode 'HTML5' is deprecated. Using Template Mode 'HTML' instead.
2018-09-17 10:25:10.166 [restartedMain] WARN  o.s.b.a.o.j.JpaBaseConfiguration$JpaWebConfiguration$JpaWebMvcConfiguration - spring.jpa.open-in-view is enabled by default. Therefore, database queries may be performed during view rendering. Explicitly configure spring.jpa.open-in-view to disable this warning
2018-09-17 10:25:10.275 [restartedMain] WARN  org.thymeleaf.templatemode.TemplateMode - [THYMELEAF][restartedMain] Template Mode 'HTML5' is deprecated. Using Template Mode 'HTML' instead.
2018-09-17 10:25:51.889 [restartedMain] WARN  o.s.b.a.o.j.JpaBaseConfiguration$JpaWebConfiguration$JpaWebMvcConfiguration - spring.jpa.open-in-view is enabled by default. Therefore, database queries may be performed during view rendering. Explicitly configure spring.jpa.open-in-view to disable this warning
2018-09-17 10:25:52.045 [restartedMain] WARN  org.thymeleaf.templatemode.TemplateMode - [THYMELEAF][restartedMain] Template Mode 'HTML5' is deprecated. Using Template Mode 'HTML' instead.
2018-09-17 10:36:42.863 [restartedMain] WARN  o.s.b.a.o.j.JpaBaseConfiguration$JpaWebConfiguration$JpaWebMvcConfiguration - spring.jpa.open-in-view is enabled by default. Therefore, database queries may be performed during view rendering. Explicitly configure spring.jpa.open-in-view to disable this warning
2018-09-17 10:36:43.113 [restartedMain] WARN  org.thymeleaf.templatemode.TemplateMode - [THYMELEAF][restartedMain] Template Mode 'HTML5' is deprecated. Using Template Mode 'HTML' instead.
2018-09-17 10:37:03.101 [restartedMain] WARN  o.s.b.a.o.j.JpaBaseConfiguration$JpaWebConfiguration$JpaWebMvcConfiguration - spring.jpa.open-in-view is enabled by default. Therefore, database queries may be performed during view rendering. Explicitly configure spring.jpa.open-in-view to disable this warning
2018-09-17 10:37:03.241 [restartedMain] WARN  org.thymeleaf.templatemode.TemplateMode - [THYMELEAF][restartedMain] Template Mode 'HTML5' is deprecated. Using Template Mode 'HTML' instead.
2018-09-17 10:42:33.848 [restartedMain] WARN  o.s.b.a.o.j.JpaBaseConfiguration$JpaWebConfiguration$JpaWebMvcConfiguration - spring.jpa.open-in-view is enabled by default. Therefore, database queries may be performed during view rendering. Explicitly configure spring.jpa.open-in-view to disable this warning
2018-09-17 10:42:33.910 [restartedMain] WARN  org.thymeleaf.templatemode.TemplateMode - [THYMELEAF][restartedMain] Template Mode 'HTML5' is deprecated. Using Template Mode 'HTML' instead.
2018-09-17 10:42:46.960 [restartedMain] WARN  o.s.b.a.o.j.JpaBaseConfiguration$JpaWebConfiguration$JpaWebMvcConfiguration - spring.jpa.open-in-view is enabled by default. Therefore, database queries may be performed during view rendering. Explicitly configure spring.jpa.open-in-view to disable this warning
2018-09-17 10:42:47.007 [restartedMain] WARN  org.thymeleaf.templatemode.TemplateMode - [THYMELEAF][restartedMain] Template Mode 'HTML5' is deprecated. Using Template Mode 'HTML' instead.
2018-09-17 10:43:50.930 [restartedMain] WARN  o.s.b.a.o.j.JpaBaseConfiguration$JpaWebConfiguration$JpaWebMvcConfiguration - spring.jpa.open-in-view is enabled by default. Therefore, database queries may be performed during view rendering. Explicitly configure spring.jpa.open-in-view to disable this warning
2018-09-17 10:43:51.117 [restartedMain] WARN  org.thymeleaf.templatemode.TemplateMode - [THYMELEAF][restartedMain] Template Mode 'HTML5' is deprecated. Using Template Mode 'HTML' instead.
2018-09-17 10:45:52.197 [restartedMain] WARN  o.s.b.a.o.j.JpaBaseConfiguration$JpaWebConfiguration$JpaWebMvcConfiguration - spring.jpa.open-in-view is enabled by default. Therefore, database queries may be performed during view rendering. Explicitly configure spring.jpa.open-in-view to disable this warning
2018-09-17 10:45:52.322 [restartedMain] WARN  org.thymeleaf.templatemode.TemplateMode - [THYMELEAF][restartedMain] Template Mode 'HTML5' is deprecated. Using Template Mode 'HTML' instead.
2018-09-17 10:46:57.114 [restartedMain] WARN  o.s.b.a.o.j.JpaBaseConfiguration$JpaWebConfiguration$JpaWebMvcConfiguration - spring.jpa.open-in-view is enabled by default. Therefore, database queries may be performed during view rendering. Explicitly configure spring.jpa.open-in-view to disable this warning
2018-09-17 10:46:57.348 [restartedMain] WARN  org.thymeleaf.templatemode.TemplateMode - [THYMELEAF][restartedMain] Template Mode 'HTML5' is deprecated. Using Template Mode 'HTML' instead.
2018-09-17 10:48:05.615 [restartedMain] WARN  o.s.b.a.o.j.JpaBaseConfiguration$JpaWebConfiguration$JpaWebMvcConfiguration - spring.jpa.open-in-view is enabled by default. Therefore, database queries may be performed during view rendering. Explicitly configure spring.jpa.open-in-view to disable this warning
2018-09-17 10:48:05.678 [restartedMain] WARN  org.thymeleaf.templatemode.TemplateMode - [THYMELEAF][restartedMain] Template Mode 'HTML5' is deprecated. Using Template Mode 'HTML' instead.
2018-09-17 10:48:12.462 [restartedMain] WARN  o.s.b.a.o.j.JpaBaseConfiguration$JpaWebConfiguration$JpaWebMvcConfiguration - spring.jpa.open-in-view is enabled by default. Therefore, database queries may be performed during view rendering. Explicitly configure spring.jpa.open-in-view to disable this warning
2018-09-17 10:48:12.555 [restartedMain] WARN  org.thymeleaf.templatemode.TemplateMode - [THYMELEAF][restartedMain] Template Mode 'HTML5' is deprecated. Using Template Mode 'HTML' instead.
2018-09-17 10:48:24.855 [restartedMain] WARN  o.s.b.a.o.j.JpaBaseConfiguration$JpaWebConfiguration$JpaWebMvcConfiguration - spring.jpa.open-in-view is enabled by default. Therefore, database queries may be performed during view rendering. Explicitly configure spring.jpa.open-in-view to disable this warning
2018-09-17 10:48:24.996 [restartedMain] WARN  org.thymeleaf.templatemode.TemplateMode - [THYMELEAF][restartedMain] Template Mode 'HTML5' is deprecated. Using Template Mode 'HTML' instead.
2018-09-17 10:51:27.205 [restartedMain] WARN  o.s.b.a.o.j.JpaBaseConfiguration$JpaWebConfiguration$JpaWebMvcConfiguration - spring.jpa.open-in-view is enabled by default. Therefore, database queries may be performed during view rendering. Explicitly configure spring.jpa.open-in-view to disable this warning
2018-09-17 10:51:27.346 [restartedMain] WARN  org.thymeleaf.templatemode.TemplateMode - [THYMELEAF][restartedMain] Template Mode 'HTML5' is deprecated. Using Template Mode 'HTML' instead.
2018-09-17 10:53:50.077 [restartedMain] WARN  o.s.b.a.o.j.JpaBaseConfiguration$JpaWebConfiguration$JpaWebMvcConfiguration - spring.jpa.open-in-view is enabled by default. Therefore, database queries may be performed during view rendering. Explicitly configure spring.jpa.open-in-view to disable this warning
2018-09-17 10:53:50.170 [restartedMain] WARN  org.thymeleaf.templatemode.TemplateMode - [THYMELEAF][restartedMain] Template Mode 'HTML5' is deprecated. Using Template Mode 'HTML' instead.
2018-09-17 10:54:06.073 [restartedMain] WARN  o.s.b.a.o.j.JpaBaseConfiguration$JpaWebConfiguration$JpaWebMvcConfiguration - spring.jpa.open-in-view is enabled by default. Therefore, database queries may be performed during view rendering. Explicitly configure spring.jpa.open-in-view to disable this warning
2018-09-17 10:54:06.260 [restartedMain] WARN  org.thymeleaf.templatemode.TemplateMode - [THYMELEAF][restartedMain] Template Mode 'HTML5' is deprecated. Using Template Mode 'HTML' instead.
2018-09-17 10:55:23.816 [restartedMain] WARN  o.s.b.a.o.j.JpaBaseConfiguration$JpaWebConfiguration$JpaWebMvcConfiguration - spring.jpa.open-in-view is enabled by default. Therefore, database queries may be performed during view rendering. Explicitly configure spring.jpa.open-in-view to disable this warning
2018-09-17 10:55:23.894 [restartedMain] WARN  org.thymeleaf.templatemode.TemplateMode - [THYMELEAF][restartedMain] Template Mode 'HTML5' is deprecated. Using Template Mode 'HTML' instead.
2018-09-17 10:59:04.430 [restartedMain] WARN  o.s.b.a.o.j.JpaBaseConfiguration$JpaWebConfiguration$JpaWebMvcConfiguration - spring.jpa.open-in-view is enabled by default. Therefore, database queries may be performed during view rendering. Explicitly configure spring.jpa.open-in-view to disable this warning
2018-09-17 10:59:04.508 [restartedMain] WARN  org.thymeleaf.templatemode.TemplateMode - [THYMELEAF][restartedMain] Template Mode 'HTML5' is deprecated. Using Template Mode 'HTML' instead.
2018-09-17 10:59:30.135 [restartedMain] WARN  o.s.b.a.o.j.JpaBaseConfiguration$JpaWebConfiguration$JpaWebMvcConfiguration - spring.jpa.open-in-view is enabled by default. Therefore, database queries may be performed during view rendering. Explicitly configure spring.jpa.open-in-view to disable this warning
2018-09-17 10:59:30.182 [restartedMain] WARN  org.thymeleaf.templatemode.TemplateMode - [THYMELEAF][restartedMain] Template Mode 'HTML5' is deprecated. Using Template Mode 'HTML' instead.
2018-09-17 11:00:12.923 [restartedMain] WARN  o.s.b.a.o.j.JpaBaseConfiguration$JpaWebConfiguration$JpaWebMvcConfiguration - spring.jpa.open-in-view is enabled by default. Therefore, database queries may be performed during view rendering. Explicitly configure spring.jpa.open-in-view to disable this warning
2018-09-17 11:00:13.085 [restartedMain] WARN  org.thymeleaf.templatemode.TemplateMode - [THYMELEAF][restartedMain] Template Mode 'HTML5' is deprecated. Using Template Mode 'HTML' instead.
2018-09-17 11:04:19.315 [restartedMain] WARN  o.s.b.a.o.j.JpaBaseConfiguration$JpaWebConfiguration$JpaWebMvcConfiguration - spring.jpa.open-in-view is enabled by default. Therefore, database queries may be performed during view rendering. Explicitly configure spring.jpa.open-in-view to disable this warning
2018-09-17 11:04:19.406 [restartedMain] WARN  org.thymeleaf.templatemode.TemplateMode - [THYMELEAF][restartedMain] Template Mode 'HTML5' is deprecated. Using Template Mode 'HTML' instead.
2018-09-17 11:04:36.112 [restartedMain] WARN  o.s.b.a.o.j.JpaBaseConfiguration$JpaWebConfiguration$JpaWebMvcConfiguration - spring.jpa.open-in-view is enabled by default. Therefore, database queries may be performed during view rendering. Explicitly configure spring.jpa.open-in-view to disable this warning
2018-09-17 11:04:36.194 [restartedMain] WARN  org.thymeleaf.templatemode.TemplateMode - [THYMELEAF][restartedMain] Template Mode 'HTML5' is deprecated. Using Template Mode 'HTML' instead.
2018-09-17 11:04:48.529 [restartedMain] WARN  o.s.b.a.o.j.JpaBaseConfiguration$JpaWebConfiguration$JpaWebMvcConfiguration - spring.jpa.open-in-view is enabled by default. Therefore, database queries may be performed during view rendering. Explicitly configure spring.jpa.open-in-view to disable this warning
2018-09-17 11:04:48.653 [restartedMain] WARN  org.thymeleaf.templatemode.TemplateMode - [THYMELEAF][restartedMain] Template Mode 'HTML5' is deprecated. Using Template Mode 'HTML' instead.
2018-09-17 11:04:57.563 [restartedMain] WARN  o.s.b.a.o.j.JpaBaseConfiguration$JpaWebConfiguration$JpaWebMvcConfiguration - spring.jpa.open-in-view is enabled by default. Therefore, database queries may be performed during view rendering. Explicitly configure spring.jpa.open-in-view to disable this warning
2018-09-17 11:04:57.666 [restartedMain] WARN  org.thymeleaf.templatemode.TemplateMode - [THYMELEAF][restartedMain] Template Mode 'HTML5' is deprecated. Using Template Mode 'HTML' instead.
2018-09-17 11:05:03.589 [restartedMain] WARN  o.s.b.a.o.j.JpaBaseConfiguration$JpaWebConfiguration$JpaWebMvcConfiguration - spring.jpa.open-in-view is enabled by default. Therefore, database queries may be performed during view rendering. Explicitly configure spring.jpa.open-in-view to disable this warning
2018-09-17 11:05:03.653 [restartedMain] WARN  org.thymeleaf.templatemode.TemplateMode - [THYMELEAF][restartedMain] Template Mode 'HTML5' is deprecated. Using Template Mode 'HTML' instead.
2018-09-17 13:28:59.820 [restartedMain] WARN  o.s.b.a.o.j.JpaBaseConfiguration$JpaWebConfiguration$JpaWebMvcConfiguration - spring.jpa.open-in-view is enabled by default. Therefore, database queries may be performed during view rendering. Explicitly configure spring.jpa.open-in-view to disable this warning
2018-09-17 13:29:00.085 [restartedMain] WARN  org.thymeleaf.templatemode.TemplateMode - [THYMELEAF][restartedMain] Template Mode 'HTML5' is deprecated. Using Template Mode 'HTML' instead.
2018-09-17 13:31:16.064 [restartedMain] WARN  o.s.b.w.s.c.AnnotationConfigServletWebServerApplicationContext - Exception encountered during context initialization - cancelling refresh attempt: org.springframework.beans.factory.BeanCreationException: Error creating bean with name 'myWebSecurityConfig' defined in file [F:\liuchao\lcIDEAworkSpace\springboot\target\classes\com\lc\config\MyWebSecurityConfig.class]: Post-processing of merged bean definition failed; nested exception is java.lang.IllegalStateException: Failed to introspect Class [com.lc.config.MyWebSecurityConfig] from ClassLoader [org.springframework.boot.devtools.restart.classloader.RestartClassLoader@3918b05a]
2018-09-17 13:31:22.530 [restartedMain] WARN  o.s.b.w.s.c.AnnotationConfigServletWebServerApplicationContext - Exception encountered during context initialization - cancelling refresh attempt: org.springframework.beans.factory.BeanCreationException: Error creating bean with name 'myWebSecurityConfig' defined in file [F:\liuchao\lcIDEAworkSpace\springboot\target\classes\com\lc\config\MyWebSecurityConfig.class]: Post-processing of merged bean definition failed; nested exception is java.lang.IllegalStateException: Failed to introspect Class [com.lc.config.MyWebSecurityConfig] from ClassLoader [org.springframework.boot.devtools.restart.classloader.RestartClassLoader@7fade492]
2018-09-17 13:31:41.880 [restartedMain] WARN  o.s.b.w.s.c.AnnotationConfigServletWebServerApplicationContext - Exception encountered during context initialization - cancelling refresh attempt: org.springframework.beans.factory.UnsatisfiedDependencyException: Error creating bean with name 'myWebSecurityConfig': Unsatisfied dependency expressed through field 'sysUserService'; nested exception is org.springframework.beans.factory.NoSuchBeanDefinitionException: No qualifying bean of type 'com.lc.service.SysUserService' available: expected at least 1 bean which qualifies as autowire candidate. Dependency annotations: {@org.springframework.beans.factory.annotation.Autowired(required=true)}
2018-09-17 13:32:13.131 [restartedMain] WARN  o.s.b.w.s.c.AnnotationConfigServletWebServerApplicationContext - Exception encountered during context initialization - cancelling refresh attempt: org.springframework.beans.factory.UnsatisfiedDependencyException: Error creating bean with name 'myWebSecurityConfig': Unsatisfied dependency expressed through field 'sysUserService'; nested exception is org.springframework.beans.factory.NoSuchBeanDefinitionException: No qualifying bean of type 'com.lc.service.SysUserService' available: expected at least 1 bean which qualifies as autowire candidate. Dependency annotations: {@org.springframework.beans.factory.annotation.Autowired(required=true)}
2018-09-17 13:32:21.217 [restartedMain] WARN  o.s.b.a.o.j.JpaBaseConfiguration$JpaWebConfiguration$JpaWebMvcConfiguration - spring.jpa.open-in-view is enabled by default. Therefore, database queries may be performed during view rendering. Explicitly configure spring.jpa.open-in-view to disable this warning
2018-09-17 13:32:21.323 [restartedMain] WARN  org.thymeleaf.templatemode.TemplateMode - [THYMELEAF][restartedMain] Template Mode 'HTML5' is deprecated. Using Template Mode 'HTML' instead.
2018-09-17 13:32:56.183 [restartedMain] WARN  o.s.b.a.o.j.JpaBaseConfiguration$JpaWebConfiguration$JpaWebMvcConfiguration - spring.jpa.open-in-view is enabled by default. Therefore, database queries may be performed during view rendering. Explicitly configure spring.jpa.open-in-view to disable this warning
2018-09-17 13:32:56.358 [restartedMain] WARN  org.thymeleaf.templatemode.TemplateMode - [THYMELEAF][restartedMain] Template Mode 'HTML5' is deprecated. Using Template Mode 'HTML' instead.
2018-09-17 13:50:55.310 [restartedMain] WARN  o.s.b.a.o.j.JpaBaseConfiguration$JpaWebConfiguration$JpaWebMvcConfiguration - spring.jpa.open-in-view is enabled by default. Therefore, database queries may be performed during view rendering. Explicitly configure spring.jpa.open-in-view to disable this warning
2018-09-17 13:50:55.404 [restartedMain] WARN  org.thymeleaf.templatemode.TemplateMode - [THYMELEAF][restartedMain] Template Mode 'HTML5' is deprecated. Using Template Mode 'HTML' instead.
2018-09-17 13:52:54.519 [restartedMain] WARN  o.s.b.a.o.j.JpaBaseConfiguration$JpaWebConfiguration$JpaWebMvcConfiguration - spring.jpa.open-in-view is enabled by default. Therefore, database queries may be performed during view rendering. Explicitly configure spring.jpa.open-in-view to disable this warning
2018-09-17 13:52:54.628 [restartedMain] WARN  org.thymeleaf.templatemode.TemplateMode - [THYMELEAF][restartedMain] Template Mode 'HTML5' is deprecated. Using Template Mode 'HTML' instead.
2018-09-17 13:53:55.906 [restartedMain] WARN  o.s.b.a.o.j.JpaBaseConfiguration$JpaWebConfiguration$JpaWebMvcConfiguration - spring.jpa.open-in-view is enabled by default. Therefore, database queries may be performed during view rendering. Explicitly configure spring.jpa.open-in-view to disable this warning
2018-09-17 13:53:56.016 [restartedMain] WARN  org.thymeleaf.templatemode.TemplateMode - [THYMELEAF][restartedMain] Template Mode 'HTML5' is deprecated. Using Template Mode 'HTML' instead.
2018-09-17 13:54:00.752 [restartedMain] WARN  o.s.b.a.o.j.JpaBaseConfiguration$JpaWebConfiguration$JpaWebMvcConfiguration - spring.jpa.open-in-view is enabled by default. Therefore, database queries may be performed during view rendering. Explicitly configure spring.jpa.open-in-view to disable this warning
2018-09-17 13:54:00.877 [restartedMain] WARN  org.thymeleaf.templatemode.TemplateMode - [THYMELEAF][restartedMain] Template Mode 'HTML5' is deprecated. Using Template Mode 'HTML' instead.
2018-09-17 13:54:24.898 [restartedMain] WARN  o.s.b.a.o.j.JpaBaseConfiguration$JpaWebConfiguration$JpaWebMvcConfiguration - spring.jpa.open-in-view is enabled by default. Therefore, database queries may be performed during view rendering. Explicitly configure spring.jpa.open-in-view to disable this warning
2018-09-17 13:54:25.077 [restartedMain] WARN  org.thymeleaf.templatemode.TemplateMode - [THYMELEAF][restartedMain] Template Mode 'HTML5' is deprecated. Using Template Mode 'HTML' instead.
2018-09-17 13:57:14.654 [restartedMain] WARN  o.s.b.a.o.j.JpaBaseConfiguration$JpaWebConfiguration$JpaWebMvcConfiguration - spring.jpa.open-in-view is enabled by default. Therefore, database queries may be performed during view rendering. Explicitly configure spring.jpa.open-in-view to disable this warning
2018-09-17 13:57:14.716 [restartedMain] WARN  org.thymeleaf.templatemode.TemplateMode - [THYMELEAF][restartedMain] Template Mode 'HTML5' is deprecated. Using Template Mode 'HTML' instead.
2018-09-17 13:58:22.742 [restartedMain] WARN  o.s.b.a.o.j.JpaBaseConfiguration$JpaWebConfiguration$JpaWebMvcConfiguration - spring.jpa.open-in-view is enabled by default. Therefore, database queries may be performed during view rendering. Explicitly configure spring.jpa.open-in-view to disable this warning
2018-09-17 13:58:22.820 [restartedMain] WARN  org.thymeleaf.templatemode.TemplateMode - [THYMELEAF][restartedMain] Template Mode 'HTML5' is deprecated. Using Template Mode 'HTML' instead.
2018-09-17 13:59:13.761 [restartedMain] WARN  o.s.b.a.o.j.JpaBaseConfiguration$JpaWebConfiguration$JpaWebMvcConfiguration - spring.jpa.open-in-view is enabled by default. Therefore, database queries may be performed during view rendering. Explicitly configure spring.jpa.open-in-view to disable this warning
2018-09-17 13:59:13.901 [restartedMain] WARN  org.thymeleaf.templatemode.TemplateMode - [THYMELEAF][restartedMain] Template Mode 'HTML5' is deprecated. Using Template Mode 'HTML' instead.
2018-09-17 13:59:40.632 [restartedMain] WARN  o.s.b.a.o.j.JpaBaseConfiguration$JpaWebConfiguration$JpaWebMvcConfiguration - spring.jpa.open-in-view is enabled by default. Therefore, database queries may be performed during view rendering. Explicitly configure spring.jpa.open-in-view to disable this warning
2018-09-17 13:59:40.710 [restartedMain] WARN  org.thymeleaf.templatemode.TemplateMode - [THYMELEAF][restartedMain] Template Mode 'HTML5' is deprecated. Using Template Mode 'HTML' instead.
2018-09-17 14:02:58.383 [restartedMain] WARN  o.s.b.a.o.j.JpaBaseConfiguration$JpaWebConfiguration$JpaWebMvcConfiguration - spring.jpa.open-in-view is enabled by default. Therefore, database queries may be performed during view rendering. Explicitly configure spring.jpa.open-in-view to disable this warning
2018-09-17 14:02:58.575 [restartedMain] WARN  org.thymeleaf.templatemode.TemplateMode - [THYMELEAF][restartedMain] Template Mode 'HTML5' is deprecated. Using Template Mode 'HTML' instead.
2018-09-17 14:04:19.467 [restartedMain] WARN  o.s.b.a.o.j.JpaBaseConfiguration$JpaWebConfiguration$JpaWebMvcConfiguration - spring.jpa.open-in-view is enabled by default. Therefore, database queries may be performed during view rendering. Explicitly configure spring.jpa.open-in-view to disable this warning
2018-09-17 14:04:19.531 [restartedMain] WARN  org.thymeleaf.templatemode.TemplateMode - [THYMELEAF][restartedMain] Template Mode 'HTML5' is deprecated. Using Template Mode 'HTML' instead.
2018-09-17 14:06:42.766 [restartedMain] WARN  o.s.b.a.o.j.JpaBaseConfiguration$JpaWebConfiguration$JpaWebMvcConfiguration - spring.jpa.open-in-view is enabled by default. Therefore, database queries may be performed during view rendering. Explicitly configure spring.jpa.open-in-view to disable this warning
2018-09-17 14:06:42.830 [restartedMain] WARN  org.thymeleaf.templatemode.TemplateMode - [THYMELEAF][restartedMain] Template Mode 'HTML5' is deprecated. Using Template Mode 'HTML' instead.
2018-09-17 14:06:49.696 [restartedMain] WARN  o.s.b.a.o.j.JpaBaseConfiguration$JpaWebConfiguration$JpaWebMvcConfiguration - spring.jpa.open-in-view is enabled by default. Therefore, database queries may be performed during view rendering. Explicitly configure spring.jpa.open-in-view to disable this warning
2018-09-17 14:06:49.790 [restartedMain] WARN  org.thymeleaf.templatemode.TemplateMode - [THYMELEAF][restartedMain] Template Mode 'HTML5' is deprecated. Using Template Mode 'HTML' instead.
2018-09-17 14:07:15.605 [restartedMain] WARN  o.s.b.a.o.j.JpaBaseConfiguration$JpaWebConfiguration$JpaWebMvcConfiguration - spring.jpa.open-in-view is enabled by default. Therefore, database queries may be performed during view rendering. Explicitly configure spring.jpa.open-in-view to disable this warning
2018-09-17 14:07:15.652 [restartedMain] WARN  org.thymeleaf.templatemode.TemplateMode - [THYMELEAF][restartedMain] Template Mode 'HTML5' is deprecated. Using Template Mode 'HTML' instead.
2018-09-17 14:07:29.652 [restartedMain] WARN  o.s.b.a.o.j.JpaBaseConfiguration$JpaWebConfiguration$JpaWebMvcConfiguration - spring.jpa.open-in-view is enabled by default. Therefore, database queries may be performed during view rendering. Explicitly configure spring.jpa.open-in-view to disable this warning
2018-09-17 14:07:29.766 [restartedMain] WARN  org.thymeleaf.templatemode.TemplateMode - [THYMELEAF][restartedMain] Template Mode 'HTML5' is deprecated. Using Template Mode 'HTML' instead.
2018-09-17 14:07:40.536 [restartedMain] WARN  o.s.b.a.o.j.JpaBaseConfiguration$JpaWebConfiguration$JpaWebMvcConfiguration - spring.jpa.open-in-view is enabled by default. Therefore, database queries may be performed during view rendering. Explicitly configure spring.jpa.open-in-view to disable this warning
2018-09-17 14:07:40.630 [restartedMain] WARN  org.thymeleaf.templatemode.TemplateMode - [THYMELEAF][restartedMain] Template Mode 'HTML5' is deprecated. Using Template Mode 'HTML' instead.
2018-09-17 14:08:13.457 [restartedMain] WARN  o.s.b.a.o.j.JpaBaseConfiguration$JpaWebConfiguration$JpaWebMvcConfiguration - spring.jpa.open-in-view is enabled by default. Therefore, database queries may be performed during view rendering. Explicitly configure spring.jpa.open-in-view to disable this warning
2018-09-17 14:08:13.537 [restartedMain] WARN  org.thymeleaf.templatemode.TemplateMode - [THYMELEAF][restartedMain] Template Mode 'HTML5' is deprecated. Using Template Mode 'HTML' instead.
2018-09-17 14:08:47.963 [restartedMain] WARN  o.s.b.a.o.j.JpaBaseConfiguration$JpaWebConfiguration$JpaWebMvcConfiguration - spring.jpa.open-in-view is enabled by default. Therefore, database queries may be performed during view rendering. Explicitly configure spring.jpa.open-in-view to disable this warning
2018-09-17 14:08:48.041 [restartedMain] WARN  org.thymeleaf.templatemode.TemplateMode - [THYMELEAF][restartedMain] Template Mode 'HTML5' is deprecated. Using Template Mode 'HTML' instead.
2018-09-17 14:09:09.851 [restartedMain] WARN  o.s.b.a.o.j.JpaBaseConfiguration$JpaWebConfiguration$JpaWebMvcConfiguration - spring.jpa.open-in-view is enabled by default. Therefore, database queries may be performed during view rendering. Explicitly configure spring.jpa.open-in-view to disable this warning
2018-09-17 14:09:09.932 [restartedMain] WARN  org.thymeleaf.templatemode.TemplateMode - [THYMELEAF][restartedMain] Template Mode 'HTML5' is deprecated. Using Template Mode 'HTML' instead.
2018-09-17 14:09:43.554 [restartedMain] WARN  o.s.b.a.o.j.JpaBaseConfiguration$JpaWebConfiguration$JpaWebMvcConfiguration - spring.jpa.open-in-view is enabled by default. Therefore, database queries may be performed during view rendering. Explicitly configure spring.jpa.open-in-view to disable this warning
2018-09-17 14:09:43.689 [restartedMain] WARN  org.thymeleaf.templatemode.TemplateMode - [THYMELEAF][restartedMain] Template Mode 'HTML5' is deprecated. Using Template Mode 'HTML' instead.
2018-09-17 14:09:50.040 [restartedMain] WARN  o.s.b.a.o.j.JpaBaseConfiguration$JpaWebConfiguration$JpaWebMvcConfiguration - spring.jpa.open-in-view is enabled by default. Therefore, database queries may be performed during view rendering. Explicitly configure spring.jpa.open-in-view to disable this warning
2018-09-17 14:09:50.118 [restartedMain] WARN  org.thymeleaf.templatemode.TemplateMode - [THYMELEAF][restartedMain] Template Mode 'HTML5' is deprecated. Using Template Mode 'HTML' instead.
2018-09-17 14:10:55.131 [restartedMain] WARN  o.s.b.a.o.j.JpaBaseConfiguration$JpaWebConfiguration$JpaWebMvcConfiguration - spring.jpa.open-in-view is enabled by default. Therefore, database queries may be performed during view rendering. Explicitly configure spring.jpa.open-in-view to disable this warning
2018-09-17 14:10:55.240 [restartedMain] WARN  org.thymeleaf.templatemode.TemplateMode - [THYMELEAF][restartedMain] Template Mode 'HTML5' is deprecated. Using Template Mode 'HTML' instead.
2018-09-17 14:11:00.803 [restartedMain] WARN  o.s.b.a.o.j.JpaBaseConfiguration$JpaWebConfiguration$JpaWebMvcConfiguration - spring.jpa.open-in-view is enabled by default. Therefore, database queries may be performed during view rendering. Explicitly configure spring.jpa.open-in-view to disable this warning
2018-09-17 14:11:01.766 [restartedMain] WARN  org.thymeleaf.templatemode.TemplateMode - [THYMELEAF][restartedMain] Template Mode 'HTML5' is deprecated. Using Template Mode 'HTML' instead.
2018-09-17 14:11:13.826 [restartedMain] WARN  o.s.b.a.o.j.JpaBaseConfiguration$JpaWebConfiguration$JpaWebMvcConfiguration - spring.jpa.open-in-view is enabled by default. Therefore, database queries may be performed during view rendering. Explicitly configure spring.jpa.open-in-view to disable this warning
2018-09-17 14:11:14.060 [restartedMain] WARN  org.thymeleaf.templatemode.TemplateMode - [THYMELEAF][restartedMain] Template Mode 'HTML5' is deprecated. Using Template Mode 'HTML' instead.
2018-09-17 14:11:19.214 [restartedMain] WARN  o.s.b.a.o.j.JpaBaseConfiguration$JpaWebConfiguration$JpaWebMvcConfiguration - spring.jpa.open-in-view is enabled by default. Therefore, database queries may be performed during view rendering. Explicitly configure spring.jpa.open-in-view to disable this warning
2018-09-17 14:11:19.386 [restartedMain] WARN  org.thymeleaf.templatemode.TemplateMode - [THYMELEAF][restartedMain] Template Mode 'HTML5' is deprecated. Using Template Mode 'HTML' instead.
2018-09-17 14:11:35.134 [restartedMain] WARN  o.s.b.a.o.j.JpaBaseConfiguration$JpaWebConfiguration$JpaWebMvcConfiguration - spring.jpa.open-in-view is enabled by default. Therefore, database queries may be performed during view rendering. Explicitly configure spring.jpa.open-in-view to disable this warning
2018-09-17 14:11:35.180 [restartedMain] WARN  org.thymeleaf.templatemode.TemplateMode - [THYMELEAF][restartedMain] Template Mode 'HTML5' is deprecated. Using Template Mode 'HTML' instead.
2018-09-17 14:12:03.674 [restartedMain] WARN  o.s.b.a.o.j.JpaBaseConfiguration$JpaWebConfiguration$JpaWebMvcConfiguration - spring.jpa.open-in-view is enabled by default. Therefore, database queries may be performed during view rendering. Explicitly configure spring.jpa.open-in-view to disable this warning
2018-09-17 14:12:03.752 [restartedMain] WARN  org.thymeleaf.templatemode.TemplateMode - [THYMELEAF][restartedMain] Template Mode 'HTML5' is deprecated. Using Template Mode 'HTML' instead.
2018-09-17 14:12:17.996 [restartedMain] WARN  o.s.b.a.o.j.JpaBaseConfiguration$JpaWebConfiguration$JpaWebMvcConfiguration - spring.jpa.open-in-view is enabled by default. Therefore, database queries may be performed during view rendering. Explicitly configure spring.jpa.open-in-view to disable this warning
2018-09-17 14:12:18.110 [restartedMain] WARN  org.thymeleaf.templatemode.TemplateMode - [THYMELEAF][restartedMain] Template Mode 'HTML5' is deprecated. Using Template Mode 'HTML' instead.
2018-09-17 14:12:22.788 [restartedMain] WARN  o.s.b.a.o.j.JpaBaseConfiguration$JpaWebConfiguration$JpaWebMvcConfiguration - spring.jpa.open-in-view is enabled by default. Therefore, database queries may be performed during view rendering. Explicitly configure spring.jpa.open-in-view to disable this warning
2018-09-17 14:12:22.897 [restartedMain] WARN  org.thymeleaf.templatemode.TemplateMode - [THYMELEAF][restartedMain] Template Mode 'HTML5' is deprecated. Using Template Mode 'HTML' instead.
2018-09-17 14:12:27.617 [restartedMain] WARN  o.s.b.a.o.j.JpaBaseConfiguration$JpaWebConfiguration$JpaWebMvcConfiguration - spring.jpa.open-in-view is enabled by default. Therefore, database queries may be performed during view rendering. Explicitly configure spring.jpa.open-in-view to disable this warning
2018-09-17 14:12:27.695 [restartedMain] WARN  org.thymeleaf.templatemode.TemplateMode - [THYMELEAF][restartedMain] Template Mode 'HTML5' is deprecated. Using Template Mode 'HTML' instead.
2018-09-17 14:12:41.363 [restartedMain] WARN  o.s.b.a.o.j.JpaBaseConfiguration$JpaWebConfiguration$JpaWebMvcConfiguration - spring.jpa.open-in-view is enabled by default. Therefore, database queries may be performed during view rendering. Explicitly configure spring.jpa.open-in-view to disable this warning
2018-09-17 14:12:41.472 [restartedMain] WARN  org.thymeleaf.templatemode.TemplateMode - [THYMELEAF][restartedMain] Template Mode 'HTML5' is deprecated. Using Template Mode 'HTML' instead.
2018-09-17 14:13:08.586 [restartedMain] WARN  o.s.b.a.o.j.JpaBaseConfiguration$JpaWebConfiguration$JpaWebMvcConfiguration - spring.jpa.open-in-view is enabled by default. Therefore, database queries may be performed during view rendering. Explicitly configure spring.jpa.open-in-view to disable this warning
2018-09-17 14:13:08.802 [restartedMain] WARN  org.thymeleaf.templatemode.TemplateMode - [THYMELEAF][restartedMain] Template Mode 'HTML5' is deprecated. Using Template Mode 'HTML' instead.
2018-09-17 14:13:22.700 [restartedMain] WARN  o.s.b.a.o.j.JpaBaseConfiguration$JpaWebConfiguration$JpaWebMvcConfiguration - spring.jpa.open-in-view is enabled by default. Therefore, database queries may be performed during view rendering. Explicitly configure spring.jpa.open-in-view to disable this warning
2018-09-17 14:13:22.763 [restartedMain] WARN  org.thymeleaf.templatemode.TemplateMode - [THYMELEAF][restartedMain] Template Mode 'HTML5' is deprecated. Using Template Mode 'HTML' instead.
2018-09-17 14:13:45.724 [restartedMain] WARN  o.s.b.a.o.j.JpaBaseConfiguration$JpaWebConfiguration$JpaWebMvcConfiguration - spring.jpa.open-in-view is enabled by default. Therefore, database queries may be performed during view rendering. Explicitly configure spring.jpa.open-in-view to disable this warning
2018-09-17 14:13:45.786 [restartedMain] WARN  org.thymeleaf.templatemode.TemplateMode - [THYMELEAF][restartedMain] Template Mode 'HTML5' is deprecated. Using Template Mode 'HTML' instead.
2018-09-17 14:13:53.451 [restartedMain] WARN  o.s.b.a.o.j.JpaBaseConfiguration$JpaWebConfiguration$JpaWebMvcConfiguration - spring.jpa.open-in-view is enabled by default. Therefore, database queries may be performed during view rendering. Explicitly configure spring.jpa.open-in-view to disable this warning
2018-09-17 14:13:53.560 [restartedMain] WARN  org.thymeleaf.templatemode.TemplateMode - [THYMELEAF][restartedMain] Template Mode 'HTML5' is deprecated. Using Template Mode 'HTML' instead.
2018-09-17 14:14:21.248 [restartedMain] WARN  o.s.b.a.o.j.JpaBaseConfiguration$JpaWebConfiguration$JpaWebMvcConfiguration - spring.jpa.open-in-view is enabled by default. Therefore, database queries may be performed during view rendering. Explicitly configure spring.jpa.open-in-view to disable this warning
2018-09-17 14:14:21.357 [restartedMain] WARN  org.thymeleaf.templatemode.TemplateMode - [THYMELEAF][restartedMain] Template Mode 'HTML5' is deprecated. Using Template Mode 'HTML' instead.
2018-09-17 14:15:30.634 [restartedMain] WARN  o.s.b.a.o.j.JpaBaseConfiguration$JpaWebConfiguration$JpaWebMvcConfiguration - spring.jpa.open-in-view is enabled by default. Therefore, database queries may be performed during view rendering. Explicitly configure spring.jpa.open-in-view to disable this warning
2018-09-17 14:15:30.782 [restartedMain] WARN  org.thymeleaf.templatemode.TemplateMode - [THYMELEAF][restartedMain] Template Mode 'HTML5' is deprecated. Using Template Mode 'HTML' instead.
2018-09-17 14:15:37.192 [restartedMain] WARN  o.s.b.a.o.j.JpaBaseConfiguration$JpaWebConfiguration$JpaWebMvcConfiguration - spring.jpa.open-in-view is enabled by default. Therefore, database queries may be performed during view rendering. Explicitly configure spring.jpa.open-in-view to disable this warning
2018-09-17 14:15:37.332 [restartedMain] WARN  org.thymeleaf.templatemode.TemplateMode - [THYMELEAF][restartedMain] Template Mode 'HTML5' is deprecated. Using Template Mode 'HTML' instead.
2018-09-17 14:15:43.299 [restartedMain] WARN  o.s.b.a.o.j.JpaBaseConfiguration$JpaWebConfiguration$JpaWebMvcConfiguration - spring.jpa.open-in-view is enabled by default. Therefore, database queries may be performed during view rendering. Explicitly configure spring.jpa.open-in-view to disable this warning
2018-09-17 14:15:43.393 [restartedMain] WARN  org.thymeleaf.templatemode.TemplateMode - [THYMELEAF][restartedMain] Template Mode 'HTML5' is deprecated. Using Template Mode 'HTML' instead.
2018-09-17 14:16:43.285 [restartedMain] WARN  o.s.b.w.s.c.AnnotationConfigServletWebServerApplicationContext - Exception encountered during context initialization - cancelling refresh attempt: org.springframework.beans.factory.BeanCreationException: Error creating bean with name 'myWebSecurityConfig' defined in file [F:\liuchao\lcIDEAworkSpace\springboot\target\classes\com\lc\config\MyWebSecurityConfig.class]: Post-processing of merged bean definition failed; nested exception is java.lang.IllegalStateException: Failed to introspect Class [com.lc.config.MyWebSecurityConfig] from ClassLoader [org.springframework.boot.devtools.restart.classloader.RestartClassLoader@4d13788e]
2018-09-17 14:16:50.726 [restartedMain] WARN  o.s.b.w.s.c.AnnotationConfigServletWebServerApplicationContext - Exception encountered during context initialization - cancelling refresh attempt: org.springframework.beans.factory.BeanCreationException: Error creating bean with name 'myWebSecurityConfig' defined in file [F:\liuchao\lcIDEAworkSpace\springboot\target\classes\com\lc\config\MyWebSecurityConfig.class]: Post-processing of merged bean definition failed; nested exception is java.lang.IllegalStateException: Failed to introspect Class [com.lc.config.MyWebSecurityConfig] from ClassLoader [org.springframework.boot.devtools.restart.classloader.RestartClassLoader@45e8c43f]
2018-09-17 14:17:13.143 [restartedMain] WARN  o.s.b.w.s.c.AnnotationConfigServletWebServerApplicationContext - Exception encountered during context initialization - cancelling refresh attempt: org.springframework.beans.factory.BeanCreationException: Error creating bean with name 'myWebSecurityConfig' defined in file [F:\liuchao\lcIDEAworkSpace\springboot\target\classes\com\lc\config\MyWebSecurityConfig.class]: Post-processing of merged bean definition failed; nested exception is java.lang.IllegalStateException: Failed to introspect Class [com.lc.config.MyWebSecurityConfig] from ClassLoader [org.springframework.boot.devtools.restart.classloader.RestartClassLoader@7d9e82f8]
2018-09-17 14:17:26.539 [restartedMain] WARN  o.s.b.w.s.c.AnnotationConfigServletWebServerApplicationContext - Exception encountered during context initialization - cancelling refresh attempt: org.springframework.beans.factory.BeanCreationException: Error creating bean with name 'myWebSecurityConfig' defined in file [F:\liuchao\lcIDEAworkSpace\springboot\target\classes\com\lc\config\MyWebSecurityConfig.class]: Post-processing of merged bean definition failed; nested exception is java.lang.IllegalStateException: Failed to introspect Class [com.lc.config.MyWebSecurityConfig] from ClassLoader [org.springframework.boot.devtools.restart.classloader.RestartClassLoader@6f36ca3f]
2018-09-17 14:17:59.919 [restartedMain] WARN  o.s.b.w.s.c.AnnotationConfigServletWebServerApplicationContext - Exception encountered during context initialization - cancelling refresh attempt: org.springframework.beans.factory.BeanCreationException: Error creating bean with name 'myWebSecurityConfig' defined in file [F:\liuchao\lcIDEAworkSpace\springboot\target\classes\com\lc\config\MyWebSecurityConfig.class]: Post-processing of merged bean definition failed; nested exception is java.lang.IllegalStateException: Failed to introspect Class [com.lc.config.MyWebSecurityConfig] from ClassLoader [org.springframework.boot.devtools.restart.classloader.RestartClassLoader@2a9a0264]
2018-09-17 14:22:04.771 [restartedMain] WARN  o.s.b.w.s.c.AnnotationConfigServletWebServerApplicationContext - Exception encountered during context initialization - cancelling refresh attempt: org.springframework.beans.factory.BeanCreationException: Error creating bean with name 'myWebSecurityConfig' defined in file [F:\liuchao\lcIDEAworkSpace\springboot\target\classes\com\lc\config\MyWebSecurityConfig.class]: Post-processing of merged bean definition failed; nested exception is java.lang.IllegalStateException: Failed to introspect Class [com.lc.config.MyWebSecurityConfig] from ClassLoader [org.springframework.boot.devtools.restart.classloader.RestartClassLoader@2d6627d9]
2018-09-17 14:23:03.050 [restartedMain] WARN  o.s.b.w.s.c.AnnotationConfigServletWebServerApplicationContext - Exception encountered during context initialization - cancelling refresh attempt: org.springframework.beans.factory.BeanCreationException: Error creating bean with name 'myWebSecurityConfig' defined in file [F:\liuchao\lcIDEAworkSpace\springboot\target\classes\com\lc\config\MyWebSecurityConfig.class]: Post-processing of merged bean definition failed; nested exception is java.lang.IllegalStateException: Failed to introspect Class [com.lc.config.MyWebSecurityConfig] from ClassLoader [org.springframework.boot.devtools.restart.classloader.RestartClassLoader@7ef69fe3]
2018-09-17 14:23:34.272 [restartedMain] WARN  o.s.b.w.s.c.AnnotationConfigServletWebServerApplicationContext - Exception encountered during context initialization - cancelling refresh attempt: org.springframework.beans.factory.BeanCreationException: Error creating bean with name 'myWebSecurityConfig' defined in file [F:\liuchao\lcIDEAworkSpace\springboot\target\classes\com\lc\config\MyWebSecurityConfig.class]: Post-processing of merged bean definition failed; nested exception is java.lang.IllegalStateException: Failed to introspect Class [com.lc.config.MyWebSecurityConfig] from ClassLoader [org.springframework.boot.devtools.restart.classloader.RestartClassLoader@731201e]
2018-09-17 14:24:03.934 [restartedMain] WARN  o.s.b.w.s.c.AnnotationConfigServletWebServerApplicationContext - Exception encountered during context initialization - cancelling refresh attempt: org.springframework.beans.factory.BeanCreationException: Error creating bean with name 'myWebSecurityConfig' defined in file [F:\liuchao\lcIDEAworkSpace\springboot\target\classes\com\lc\config\MyWebSecurityConfig.class]: Post-processing of merged bean definition failed; nested exception is java.lang.IllegalStateException: Failed to introspect Class [com.lc.config.MyWebSecurityConfig] from ClassLoader [org.springframework.boot.devtools.restart.classloader.RestartClassLoader@6dd7d149]
2018-09-17 14:24:11.627 [restartedMain] WARN  o.s.b.w.s.c.AnnotationConfigServletWebServerApplicationContext - Exception encountered during context initialization - cancelling refresh attempt: org.springframework.beans.factory.BeanCreationException: Error creating bean with name 'myWebSecurityConfig' defined in file [F:\liuchao\lcIDEAworkSpace\springboot\target\classes\com\lc\config\MyWebSecurityConfig.class]: Post-processing of merged bean definition failed; nested exception is java.lang.IllegalStateException: Failed to introspect Class [com.lc.config.MyWebSecurityConfig] from ClassLoader [org.springframework.boot.devtools.restart.classloader.RestartClassLoader@112ca782]
2018-09-17 14:24:39.344 [restartedMain] WARN  o.s.b.w.s.c.AnnotationConfigServletWebServerApplicationContext - Exception encountered during context initialization - cancelling refresh attempt: org.springframework.beans.factory.BeanCreationException: Error creating bean with name 'myWebSecurityConfig' defined in file [F:\liuchao\lcIDEAworkSpace\springboot\target\classes\com\lc\config\MyWebSecurityConfig.class]: Post-processing of merged bean definition failed; nested exception is java.lang.IllegalStateException: Failed to introspect Class [com.lc.config.MyWebSecurityConfig] from ClassLoader [org.springframework.boot.devtools.restart.classloader.RestartClassLoader@39acf89d]
2018-09-17 14:24:44.447 [restartedMain] WARN  o.s.b.w.s.c.AnnotationConfigServletWebServerApplicationContext - Exception encountered during context initialization - cancelling refresh attempt: org.springframework.beans.factory.BeanCreationException: Error creating bean with name 'myWebSecurityConfig' defined in file [F:\liuchao\lcIDEAworkSpace\springboot\target\classes\com\lc\config\MyWebSecurityConfig.class]: Post-processing of merged bean definition failed; nested exception is java.lang.IllegalStateException: Failed to introspect Class [com.lc.config.MyWebSecurityConfig] from ClassLoader [org.springframework.boot.devtools.restart.classloader.RestartClassLoader@73e99b33]
2018-09-17 14:27:22.420 [restartedMain] WARN  o.s.b.w.s.c.AnnotationConfigServletWebServerApplicationContext - Exception encountered during context initialization - cancelling refresh attempt: org.springframework.beans.factory.UnsatisfiedDependencyException: Error creating bean with name 'myWebSecurityConfig': Unsatisfied dependency expressed through field 'sysUserService'; nested exception is org.springframework.beans.factory.NoSuchBeanDefinitionException: No qualifying bean of type 'com.lc.service.SysUserService' available: expected at least 1 bean which qualifies as autowire candidate. Dependency annotations: {@org.springframework.beans.factory.annotation.Autowired(required=true)}
2018-09-17 14:27:36.052 [restartedMain] WARN  o.s.b.w.s.c.AnnotationConfigServletWebServerApplicationContext - Exception encountered during context initialization - cancelling refresh attempt: org.springframework.beans.factory.UnsatisfiedDependencyException: Error creating bean with name 'myWebSecurityConfig': Unsatisfied dependency expressed through field 'sysUserService'; nested exception is org.springframework.beans.factory.NoSuchBeanDefinitionException: No qualifying bean of type 'com.lc.service.SysUserService' available: expected at least 1 bean which qualifies as autowire candidate. Dependency annotations: {@org.springframework.beans.factory.annotation.Autowired(required=true)}
2018-09-17 14:28:08.485 [restartedMain] WARN  o.s.b.a.o.j.JpaBaseConfiguration$JpaWebConfiguration$JpaWebMvcConfiguration - spring.jpa.open-in-view is enabled by default. Therefore, database queries may be performed during view rendering. Explicitly configure spring.jpa.open-in-view to disable this warning
2018-09-17 14:28:08.596 [restartedMain] WARN  org.thymeleaf.templatemode.TemplateMode - [THYMELEAF][restartedMain] Template Mode 'HTML5' is deprecated. Using Template Mode 'HTML' instead.
2018-09-17 14:28:19.115 [restartedMain] WARN  o.s.b.a.o.j.JpaBaseConfiguration$JpaWebConfiguration$JpaWebMvcConfiguration - spring.jpa.open-in-view is enabled by default. Therefore, database queries may be performed during view rendering. Explicitly configure spring.jpa.open-in-view to disable this warning
2018-09-17 14:28:19.209 [restartedMain] WARN  org.thymeleaf.templatemode.TemplateMode - [THYMELEAF][restartedMain] Template Mode 'HTML5' is deprecated. Using Template Mode 'HTML' instead.
2018-09-17 14:28:24.302 [restartedMain] WARN  o.s.b.a.o.j.JpaBaseConfiguration$JpaWebConfiguration$JpaWebMvcConfiguration - spring.jpa.open-in-view is enabled by default. Therefore, database queries may be performed during view rendering. Explicitly configure spring.jpa.open-in-view to disable this warning
2018-09-17 14:28:24.411 [restartedMain] WARN  org.thymeleaf.templatemode.TemplateMode - [THYMELEAF][restartedMain] Template Mode 'HTML5' is deprecated. Using Template Mode 'HTML' instead.
2018-09-17 14:29:28.524 [restartedMain] WARN  o.s.b.w.s.c.AnnotationConfigServletWebServerApplicationContext - Exception encountered during context initialization - cancelling refresh attempt: org.springframework.beans.factory.UnsatisfiedDependencyException: Error creating bean with name 'myWebSecurityConfig': Unsatisfied dependency expressed through field 'sysUserService'; nested exception is org.springframework.beans.factory.BeanCreationException: Error creating bean with name 'sysUserService' defined in file [F:\liuchao\lcIDEAworkSpace\springboot\target\classes\com\lc\service\SysUserService.class]: Post-processing of merged bean definition failed; nested exception is java.lang.IllegalStateException: Failed to introspect Class [com.lc.service.SysUserService] from ClassLoader [org.springframework.boot.devtools.restart.classloader.RestartClassLoader@773cb58c]
2018-09-17 14:30:08.450 [restartedMain] WARN  o.s.b.a.o.j.JpaBaseConfiguration$JpaWebConfiguration$JpaWebMvcConfiguration - spring.jpa.open-in-view is enabled by default. Therefore, database queries may be performed during view rendering. Explicitly configure spring.jpa.open-in-view to disable this warning
2018-09-17 14:30:08.624 [restartedMain] WARN  org.thymeleaf.templatemode.TemplateMode - [THYMELEAF][restartedMain] Template Mode 'HTML5' is deprecated. Using Template Mode 'HTML' instead.
2018-09-17 14:32:23.413 [restartedMain] WARN  o.s.b.a.o.j.JpaBaseConfiguration$JpaWebConfiguration$JpaWebMvcConfiguration - spring.jpa.open-in-view is enabled by default. Therefore, database queries may be performed during view rendering. Explicitly configure spring.jpa.open-in-view to disable this warning
2018-09-17 14:32:23.522 [restartedMain] WARN  org.thymeleaf.templatemode.TemplateMode - [THYMELEAF][restartedMain] Template Mode 'HTML5' is deprecated. Using Template Mode 'HTML' instead.
2018-09-17 14:32:33.837 [restartedMain] WARN  o.s.b.a.o.j.JpaBaseConfiguration$JpaWebConfiguration$JpaWebMvcConfiguration - spring.jpa.open-in-view is enabled by default. Therefore, database queries may be performed during view rendering. Explicitly configure spring.jpa.open-in-view to disable this warning
2018-09-17 14:32:33.993 [restartedMain] WARN  org.thymeleaf.templatemode.TemplateMode - [THYMELEAF][restartedMain] Template Mode 'HTML5' is deprecated. Using Template Mode 'HTML' instead.
2018-09-17 14:36:21.260 [restartedMain] WARN  o.s.b.a.o.j.JpaBaseConfiguration$JpaWebConfiguration$JpaWebMvcConfiguration - spring.jpa.open-in-view is enabled by default. Therefore, database queries may be performed during view rendering. Explicitly configure spring.jpa.open-in-view to disable this warning
2018-09-17 14:36:21.432 [restartedMain] WARN  org.thymeleaf.templatemode.TemplateMode - [THYMELEAF][restartedMain] Template Mode 'HTML5' is deprecated. Using Template Mode 'HTML' instead.
2018-09-17 14:41:57.938 [restartedMain] WARN  o.s.b.w.s.c.AnnotationConfigServletWebServerApplicationContext - Exception encountered during context initialization - cancelling refresh attempt: org.springframework.beans.factory.BeanCreationException: Error creating bean with name 'myWebSecurityConfig' defined in file [F:\liuchao\lcIDEAworkSpace\springboot\target\classes\com\lc\config\MyWebSecurityConfig.class]: Post-processing of merged bean definition failed; nested exception is java.lang.IllegalStateException: Failed to introspect Class [com.lc.config.MyWebSecurityConfig] from ClassLoader [org.springframework.boot.devtools.restart.classloader.RestartClassLoader@5f8d2984]
2018-09-17 14:42:05.004 [restartedMain] WARN  o.s.b.w.s.c.AnnotationConfigServletWebServerApplicationContext - Exception encountered during context initialization - cancelling refresh attempt: org.springframework.beans.factory.BeanCreationException: Error creating bean with name 'myWebSecurityConfig' defined in file [F:\liuchao\lcIDEAworkSpace\springboot\target\classes\com\lc\config\MyWebSecurityConfig.class]: Post-processing of merged bean definition failed; nested exception is java.lang.IllegalStateException: Failed to introspect Class [com.lc.config.MyWebSecurityConfig] from ClassLoader [org.springframework.boot.devtools.restart.classloader.RestartClassLoader@77056b79]
2018-09-17 14:42:12.143 [restartedMain] WARN  o.s.b.w.s.c.AnnotationConfigServletWebServerApplicationContext - Exception encountered during context initialization - cancelling refresh attempt: org.springframework.beans.factory.UnsatisfiedDependencyException: Error creating bean with name 'myWebSecurityConfig': Unsatisfied dependency expressed through field 'sysUserService'; nested exception is org.springframework.beans.factory.NoSuchBeanDefinitionException: No qualifying bean of type 'com.lc.service.SysUserService' available: expected at least 1 bean which qualifies as autowire candidate. Dependency annotations: {@org.springframework.beans.factory.annotation.Autowired(required=true)}
2018-09-17 14:43:48.248 [restartedMain] WARN  o.s.b.a.o.j.JpaBaseConfiguration$JpaWebConfiguration$JpaWebMvcConfiguration - spring.jpa.open-in-view is enabled by default. Therefore, database queries may be performed during view rendering. Explicitly configure spring.jpa.open-in-view to disable this warning
2018-09-17 14:43:48.435 [restartedMain] WARN  org.thymeleaf.templatemode.TemplateMode - [THYMELEAF][restartedMain] Template Mode 'HTML5' is deprecated. Using Template Mode 'HTML' instead.
2018-09-17 14:46:28.177 [restartedMain] WARN  o.s.b.a.o.j.JpaBaseConfiguration$JpaWebConfiguration$JpaWebMvcConfiguration - spring.jpa.open-in-view is enabled by default. Therefore, database queries may be performed during view rendering. Explicitly configure spring.jpa.open-in-view to disable this warning
2018-09-17 14:46:28.240 [restartedMain] WARN  org.thymeleaf.templatemode.TemplateMode - [THYMELEAF][restartedMain] Template Mode 'HTML5' is deprecated. Using Template Mode 'HTML' instead.
2018-09-17 14:53:03.400 [restartedMain] WARN  o.s.b.w.s.c.AnnotationConfigServletWebServerApplicationContext - Exception encountered during context initialization - cancelling refresh attempt: org.springframework.beans.factory.UnsatisfiedDependencyException: Error creating bean with name 'myWebSecurityConfig': Unsatisfied dependency expressed through field 'sysUserService'; nested exception is org.springframework.beans.factory.BeanCreationException: Error creating bean with name 'sysUserService' defined in file [F:\liuchao\lcIDEAworkSpace\springboot\target\classes\com\lc\service\SysUserService.class]: Post-processing of merged bean definition failed; nested exception is java.lang.IllegalStateException: Failed to introspect Class [com.lc.service.SysUserService] from ClassLoader [org.springframework.boot.devtools.restart.classloader.RestartClassLoader@10c3d2bc]
2018-09-17 14:53:09.693 [restartedMain] WARN  o.s.b.a.o.j.JpaBaseConfiguration$JpaWebConfiguration$JpaWebMvcConfiguration - spring.jpa.open-in-view is enabled by default. Therefore, database queries may be performed during view rendering. Explicitly configure spring.jpa.open-in-view to disable this warning
2018-09-17 14:53:09.818 [restartedMain] WARN  org.thymeleaf.templatemode.TemplateMode - [THYMELEAF][restartedMain] Template Mode 'HTML5' is deprecated. Using Template Mode 'HTML' instead.
2018-09-17 14:53:14.772 [restartedMain] WARN  o.s.b.a.o.j.JpaBaseConfiguration$JpaWebConfiguration$JpaWebMvcConfiguration - spring.jpa.open-in-view is enabled by default. Therefore, database queries may be performed during view rendering. Explicitly configure spring.jpa.open-in-view to disable this warning
2018-09-17 14:53:14.881 [restartedMain] WARN  org.thymeleaf.templatemode.TemplateMode - [THYMELEAF][restartedMain] Template Mode 'HTML5' is deprecated. Using Template Mode 'HTML' instead.
2018-09-17 14:53:55.517 [restartedMain] WARN  o.s.b.a.o.j.JpaBaseConfiguration$JpaWebConfiguration$JpaWebMvcConfiguration - spring.jpa.open-in-view is enabled by default. Therefore, database queries may be performed during view rendering. Explicitly configure spring.jpa.open-in-view to disable this warning
2018-09-17 14:53:55.658 [restartedMain] WARN  org.thymeleaf.templatemode.TemplateMode - [THYMELEAF][restartedMain] Template Mode 'HTML5' is deprecated. Using Template Mode 'HTML' instead.
2018-09-17 14:53:59.343 [restartedMain] WARN  o.s.b.w.s.c.AnnotationConfigServletWebServerApplicationContext - Exception encountered during context initialization - cancelling refresh attempt: org.springframework.beans.factory.BeanCreationException: Error creating bean with name 'myWebSecurityConfig' defined in file [F:\liuchao\lcIDEAworkSpace\springboot\target\classes\com\lc\config\MyWebSecurityConfig.class]: Post-processing of merged bean definition failed; nested exception is java.lang.IllegalStateException: Failed to introspect Class [com.lc.config.MyWebSecurityConfig] from ClassLoader [org.springframework.boot.devtools.restart.classloader.RestartClassLoader@1bcae892]
2018-09-17 14:54:16.109 [restartedMain] WARN  o.s.b.a.o.j.JpaBaseConfiguration$JpaWebConfiguration$JpaWebMvcConfiguration - spring.jpa.open-in-view is enabled by default. Therefore, database queries may be performed during view rendering. Explicitly configure spring.jpa.open-in-view to disable this warning
2018-09-17 14:54:16.296 [restartedMain] WARN  org.thymeleaf.templatemode.TemplateMode - [THYMELEAF][restartedMain] Template Mode 'HTML5' is deprecated. Using Template Mode 'HTML' instead.
2018-09-17 14:55:35.032 [restartedMain] WARN  o.s.b.w.s.c.AnnotationConfigServletWebServerApplicationContext - Exception encountered during context initialization - cancelling refresh attempt: org.springframework.beans.factory.UnsatisfiedDependencyException: Error creating bean with name 'myWebSecurityConfig': Unsatisfied dependency expressed through field 'sysUserService'; nested exception is org.springframework.beans.factory.BeanCreationException: Error creating bean with name 'sysUserService' defined in file [F:\liuchao\lcIDEAworkSpace\springboot\target\classes\com\lc\service\SysUserService.class]: Post-processing of merged bean definition failed; nested exception is java.lang.IllegalStateException: Failed to introspect Class [com.lc.service.SysUserService] from ClassLoader [org.springframework.boot.devtools.restart.classloader.RestartClassLoader@1a6a2c6a]
2018-09-17 14:56:00.532 [restartedMain] WARN  o.s.b.a.o.j.JpaBaseConfiguration$JpaWebConfiguration$JpaWebMvcConfiguration - spring.jpa.open-in-view is enabled by default. Therefore, database queries may be performed during view rendering. Explicitly configure spring.jpa.open-in-view to disable this warning
2018-09-17 14:56:00.595 [restartedMain] WARN  org.thymeleaf.templatemode.TemplateMode - [THYMELEAF][restartedMain] Template Mode 'HTML5' is deprecated. Using Template Mode 'HTML' instead.
2018-09-17 14:57:20.464 [restartedMain] WARN  o.s.b.a.o.j.JpaBaseConfiguration$JpaWebConfiguration$JpaWebMvcConfiguration - spring.jpa.open-in-view is enabled by default. Therefore, database queries may be performed during view rendering. Explicitly configure spring.jpa.open-in-view to disable this warning
2018-09-17 14:57:20.589 [restartedMain] WARN  org.thymeleaf.templatemode.TemplateMode - [THYMELEAF][restartedMain] Template Mode 'HTML5' is deprecated. Using Template Mode 'HTML' instead.
2018-09-17 14:57:37.276 [restartedMain] WARN  o.s.b.a.o.j.JpaBaseConfiguration$JpaWebConfiguration$JpaWebMvcConfiguration - spring.jpa.open-in-view is enabled by default. Therefore, database queries may be performed during view rendering. Explicitly configure spring.jpa.open-in-view to disable this warning
2018-09-17 14:57:37.484 [restartedMain] WARN  org.thymeleaf.templatemode.TemplateMode - [THYMELEAF][restartedMain] Template Mode 'HTML5' is deprecated. Using Template Mode 'HTML' instead.
2018-09-17 15:04:31.155 [restartedMain] WARN  o.s.b.w.s.c.AnnotationConfigServletWebServerApplicationContext - Exception encountered during context initialization - cancelling refresh attempt: org.springframework.beans.factory.UnsatisfiedDependencyException: Error creating bean with name 'myWebSecurityConfig': Unsatisfied dependency expressed through field 'sysUserService'; nested exception is org.springframework.beans.factory.UnsatisfiedDependencyException: Error creating bean with name 'sysUserService': Unsatisfied dependency expressed through field 'redisUtil'; nested exception is org.springframework.beans.factory.UnsatisfiedDependencyException: Error creating bean with name 'redisUtil': Unsatisfied dependency expressed through field 'redisTemplate'; nested exception is org.springframework.beans.factory.NoSuchBeanDefinitionException: No qualifying bean of type 'org.springframework.data.redis.core.RedisTemplate<java.lang.String, java.lang.Object>' available: expected at least 1 bean which qualifies as autowire candidate. Dependency annotations: {@org.springframework.beans.factory.annotation.Autowired(required=true)}
2018-09-17 15:04:51.583 [restartedMain] WARN  o.s.b.w.s.c.AnnotationConfigServletWebServerApplicationContext - Exception encountered during context initialization - cancelling refresh attempt: org.springframework.beans.factory.UnsatisfiedDependencyException: Error creating bean with name 'myWebSecurityConfig': Unsatisfied dependency expressed through field 'sysUserService'; nested exception is org.springframework.beans.factory.BeanCreationException: Error creating bean with name 'sysUserService' defined in file [F:\liuchao\lcIDEAworkSpace\springboot\target\classes\com\lc\service\SysUserService.class]: Post-processing of merged bean definition failed; nested exception is java.lang.IllegalStateException: Failed to introspect Class [com.lc.service.SysUserService] from ClassLoader [org.springframework.boot.devtools.restart.classloader.RestartClassLoader@762dcc7c]
2018-09-17 15:04:58.088 [restartedMain] WARN  o.s.b.w.s.c.AnnotationConfigServletWebServerApplicationContext - Exception encountered during context initialization - cancelling refresh attempt: org.springframework.beans.factory.UnsatisfiedDependencyException: Error creating bean with name 'myWebSecurityConfig': Unsatisfied dependency expressed through field 'sysUserService'; nested exception is org.springframework.beans.factory.UnsatisfiedDependencyException: Error creating bean with name 'sysUserService': Unsatisfied dependency expressed through field 'redisUtil'; nested exception is org.springframework.beans.factory.UnsatisfiedDependencyException: Error creating bean with name 'redisUtil': Unsatisfied dependency expressed through field 'redisTemplate'; nested exception is org.springframework.beans.factory.NoSuchBeanDefinitionException: No qualifying bean of type 'org.springframework.data.redis.core.RedisTemplate<java.lang.String, java.lang.Object>' available: expected at least 1 bean which qualifies as autowire candidate. Dependency annotations: {@org.springframework.beans.factory.annotation.Autowired(required=true)}
2018-09-17 15:05:15.071 [restartedMain] WARN  o.s.b.w.s.c.AnnotationConfigServletWebServerApplicationContext - Exception encountered during context initialization - cancelling refresh attempt: org.springframework.beans.factory.UnsatisfiedDependencyException: Error creating bean with name 'myWebSecurityConfig': Unsatisfied dependency expressed through field 'sysUserService'; nested exception is org.springframework.beans.factory.BeanCreationException: Error creating bean with name 'sysUserService' defined in file [F:\liuchao\lcIDEAworkSpace\springboot\target\classes\com\lc\service\SysUserService.class]: Post-processing of merged bean definition failed; nested exception is java.lang.IllegalStateException: Failed to introspect Class [com.lc.service.SysUserService] from ClassLoader [org.springframework.boot.devtools.restart.classloader.RestartClassLoader@34f0fd2f]
2018-09-17 15:13:57.965 [restartedMain] WARN  o.s.b.w.s.c.AnnotationConfigServletWebServerApplicationContext - Exception encountered during context initialization - cancelling refresh attempt: org.springframework.beans.factory.UnsatisfiedDependencyException: Error creating bean with name 'myWebSecurityConfig': Unsatisfied dependency expressed through field 'sysUserService'; nested exception is org.springframework.beans.factory.UnsatisfiedDependencyException: Error creating bean with name 'sysUserService': Unsatisfied dependency expressed through field 'redisUtil'; nested exception is org.springframework.beans.factory.UnsatisfiedDependencyException: Error creating bean with name 'redisUtil': Unsatisfied dependency expressed through field 'redisTemplate'; nested exception is org.springframework.beans.factory.NoSuchBeanDefinitionException: No qualifying bean of type 'org.springframework.data.redis.core.RedisTemplate<java.lang.String, java.lang.Object>' available: expected at least 1 bean which qualifies as autowire candidate. Dependency annotations: {@org.springframework.beans.factory.annotation.Autowired(required=true)}
2018-09-17 15:16:02.786 [restartedMain] WARN  o.s.b.a.o.j.JpaBaseConfiguration$JpaWebConfiguration$JpaWebMvcConfiguration - spring.jpa.open-in-view is enabled by default. Therefore, database queries may be performed during view rendering. Explicitly configure spring.jpa.open-in-view to disable this warning
2018-09-17 15:16:02.974 [restartedMain] WARN  org.thymeleaf.templatemode.TemplateMode - [THYMELEAF][restartedMain] Template Mode 'HTML5' is deprecated. Using Template Mode 'HTML' instead.
2018-09-17 15:19:48.696 [restartedMain] WARN  o.s.b.w.s.c.AnnotationConfigServletWebServerApplicationContext - Exception encountered during context initialization - cancelling refresh attempt: org.springframework.beans.factory.UnsatisfiedDependencyException: Error creating bean with name 'myWebSecurityConfig': Unsatisfied dependency expressed through field 'sysUserService'; nested exception is org.springframework.beans.factory.BeanCreationException: Error creating bean with name 'sysUserService' defined in file [F:\liuchao\lcIDEAworkSpace\springboot\target\classes\com\lc\service\SysUserService.class]: Post-processing of merged bean definition failed; nested exception is java.lang.IllegalStateException: Failed to introspect Class [com.lc.service.SysUserService] from ClassLoader [org.springframework.boot.devtools.restart.classloader.RestartClassLoader@3b0acd1a]
2018-09-17 15:25:07.152 [restartedMain] WARN  o.s.b.a.o.j.JpaBaseConfiguration$JpaWebConfiguration$JpaWebMvcConfiguration - spring.jpa.open-in-view is enabled by default. Therefore, database queries may be performed during view rendering. Explicitly configure spring.jpa.open-in-view to disable this warning
2018-09-17 15:25:07.230 [restartedMain] WARN  org.thymeleaf.templatemode.TemplateMode - [THYMELEAF][restartedMain] Template Mode 'HTML5' is deprecated. Using Template Mode 'HTML' instead.
2018-09-17 15:25:39.931 [restartedMain] WARN  o.s.b.a.o.j.JpaBaseConfiguration$JpaWebConfiguration$JpaWebMvcConfiguration - spring.jpa.open-in-view is enabled by default. Therefore, database queries may be performed during view rendering. Explicitly configure spring.jpa.open-in-view to disable this warning
2018-09-17 15:25:40.133 [restartedMain] WARN  org.thymeleaf.templatemode.TemplateMode - [THYMELEAF][restartedMain] Template Mode 'HTML5' is deprecated. Using Template Mode 'HTML' instead.
2018-09-17 15:28:25.244 [restartedMain] WARN  o.s.b.w.s.c.AnnotationConfigServletWebServerApplicationContext - Exception encountered during context initialization - cancelling refresh attempt: org.springframework.beans.factory.UnsatisfiedDependencyException: Error creating bean with name 'myWebSecurityConfig': Unsatisfied dependency expressed through field 'sysUserService'; nested exception is org.springframework.beans.factory.BeanCreationException: Error creating bean with name 'sysUserService' defined in file [F:\liuchao\lcIDEAworkSpace\springboot\target\classes\com\lc\service\SysUserService.class]: Post-processing of merged bean definition failed; nested exception is java.lang.IllegalStateException: Failed to introspect Class [com.lc.service.SysUserService] from ClassLoader [org.springframework.boot.devtools.restart.classloader.RestartClassLoader@3ac825b3]
2018-09-17 15:29:51.829 [restartedMain] WARN  o.s.b.a.o.j.JpaBaseConfiguration$JpaWebConfiguration$JpaWebMvcConfiguration - spring.jpa.open-in-view is enabled by default. Therefore, database queries may be performed during view rendering. Explicitly configure spring.jpa.open-in-view to disable this warning
2018-09-17 15:29:51.938 [restartedMain] WARN  org.thymeleaf.templatemode.TemplateMode - [THYMELEAF][restartedMain] Template Mode 'HTML5' is deprecated. Using Template Mode 'HTML' instead.
2018-09-17 15:30:08.296 [restartedMain] WARN  o.s.b.a.o.j.JpaBaseConfiguration$JpaWebConfiguration$JpaWebMvcConfiguration - spring.jpa.open-in-view is enabled by default. Therefore, database queries may be performed during view rendering. Explicitly configure spring.jpa.open-in-view to disable this warning
2018-09-17 15:30:08.483 [restartedMain] WARN  org.thymeleaf.templatemode.TemplateMode - [THYMELEAF][restartedMain] Template Mode 'HTML5' is deprecated. Using Template Mode 'HTML' instead.
2018-09-17 15:30:33.538 [restartedMain] WARN  o.s.b.a.o.j.JpaBaseConfiguration$JpaWebConfiguration$JpaWebMvcConfiguration - spring.jpa.open-in-view is enabled by default. Therefore, database queries may be performed during view rendering. Explicitly configure spring.jpa.open-in-view to disable this warning
2018-09-17 15:30:33.741 [restartedMain] WARN  org.thymeleaf.templatemode.TemplateMode - [THYMELEAF][restartedMain] Template Mode 'HTML5' is deprecated. Using Template Mode 'HTML' instead.
2018-09-17 15:40:45.967 [restartedMain] WARN  o.s.b.w.s.c.AnnotationConfigServletWebServerApplicationContext - Exception encountered during context initialization - cancelling refresh attempt: org.springframework.beans.factory.UnsatisfiedDependencyException: Error creating bean with name 'myWebSecurityConfig': Unsatisfied dependency expressed through field 'sysUserService'; nested exception is org.springframework.beans.factory.BeanCreationException: Error creating bean with name 'sysUserService' defined in file [F:\liuchao\lcIDEAworkSpace\springboot\target\classes\com\lc\service\SysUserService.class]: Post-processing of merged bean definition failed; nested exception is java.lang.IllegalStateException: Failed to introspect Class [com.lc.service.SysUserService] from ClassLoader [org.springframework.boot.devtools.restart.classloader.RestartClassLoader@58b0bfb1]
2018-09-17 15:40:55.211 [restartedMain] WARN  o.s.b.a.o.j.JpaBaseConfiguration$JpaWebConfiguration$JpaWebMvcConfiguration - spring.jpa.open-in-view is enabled by default. Therefore, database queries may be performed during view rendering. Explicitly configure spring.jpa.open-in-view to disable this warning
2018-09-17 15:40:55.499 [restartedMain] WARN  org.thymeleaf.templatemode.TemplateMode - [THYMELEAF][restartedMain] Template Mode 'HTML5' is deprecated. Using Template Mode 'HTML' instead.
2018-09-17 15:43:44.514 [restartedMain] WARN  o.s.b.w.s.c.AnnotationConfigServletWebServerApplicationContext - Exception encountered during context initialization - cancelling refresh attempt: org.springframework.beans.factory.BeanCreationException: Error creating bean with name 'myWebSecurityConfig' defined in file [F:\liuchao\lcIDEAworkSpace\springboot\target\classes\com\lc\config\MyWebSecurityConfig.class]: Post-processing of merged bean definition failed; nested exception is java.lang.IllegalStateException: Failed to introspect Class [com.lc.config.MyWebSecurityConfig] from ClassLoader [org.springframework.boot.devtools.restart.classloader.RestartClassLoader@5d1c3aa4]
2018-09-17 15:44:58.759 [restartedMain] WARN  o.s.b.a.o.j.JpaBaseConfiguration$JpaWebConfiguration$JpaWebMvcConfiguration - spring.jpa.open-in-view is enabled by default. Therefore, database queries may be performed during view rendering. Explicitly configure spring.jpa.open-in-view to disable this warning
2018-09-17 15:44:58.977 [restartedMain] WARN  org.thymeleaf.templatemode.TemplateMode - [THYMELEAF][restartedMain] Template Mode 'HTML5' is deprecated. Using Template Mode 'HTML' instead.
2018-09-17 15:46:36.887 [restartedMain] WARN  o.s.b.a.o.j.JpaBaseConfiguration$JpaWebConfiguration$JpaWebMvcConfiguration - spring.jpa.open-in-view is enabled by default. Therefore, database queries may be performed during view rendering. Explicitly configure spring.jpa.open-in-view to disable this warning
2018-09-17 15:46:36.965 [restartedMain] WARN  org.thymeleaf.templatemode.TemplateMode - [THYMELEAF][restartedMain] Template Mode 'HTML5' is deprecated. Using Template Mode 'HTML' instead.
2018-09-17 15:47:00.893 [restartedMain] WARN  o.s.b.a.o.j.JpaBaseConfiguration$JpaWebConfiguration$JpaWebMvcConfiguration - spring.jpa.open-in-view is enabled by default. Therefore, database queries may be performed during view rendering. Explicitly configure spring.jpa.open-in-view to disable this warning
2018-09-17 15:47:01.007 [restartedMain] WARN  org.thymeleaf.templatemode.TemplateMode - [THYMELEAF][restartedMain] Template Mode 'HTML5' is deprecated. Using Template Mode 'HTML' instead.
2018-09-17 15:47:06.935 [restartedMain] WARN  o.s.b.a.o.j.JpaBaseConfiguration$JpaWebConfiguration$JpaWebMvcConfiguration - spring.jpa.open-in-view is enabled by default. Therefore, database queries may be performed during view rendering. Explicitly configure spring.jpa.open-in-view to disable this warning
2018-09-17 15:47:07.091 [restartedMain] WARN  org.thymeleaf.templatemode.TemplateMode - [THYMELEAF][restartedMain] Template Mode 'HTML5' is deprecated. Using Template Mode 'HTML' instead.
2018-09-17 15:47:25.647 [restartedMain] WARN  o.s.b.a.o.j.JpaBaseConfiguration$JpaWebConfiguration$JpaWebMvcConfiguration - spring.jpa.open-in-view is enabled by default. Therefore, database queries may be performed during view rendering. Explicitly configure spring.jpa.open-in-view to disable this warning
2018-09-17 15:47:25.826 [restartedMain] WARN  org.thymeleaf.templatemode.TemplateMode - [THYMELEAF][restartedMain] Template Mode 'HTML5' is deprecated. Using Template Mode 'HTML' instead.
2018-09-17 15:50:19.101 [restartedMain] WARN  o.s.b.w.s.c.AnnotationConfigServletWebServerApplicationContext - Exception encountered during context initialization - cancelling refresh attempt: org.springframework.beans.factory.UnsatisfiedDependencyException: Error creating bean with name 'myWebSecurityConfig': Unsatisfied dependency expressed through field 'sysUserService'; nested exception is org.springframework.beans.factory.BeanCreationException: Error creating bean with name 'sysUserService' defined in file [F:\liuchao\lcIDEAworkSpace\springboot\target\classes\com\lc\service\SysUserService.class]: Post-processing of merged bean definition failed; nested exception is java.lang.IllegalStateException: Failed to introspect Class [com.lc.service.SysUserService] from ClassLoader [org.springframework.boot.devtools.restart.classloader.RestartClassLoader@457d878e]
2018-09-17 15:52:52.683 [restartedMain] WARN  o.s.b.a.o.j.JpaBaseConfiguration$JpaWebConfiguration$JpaWebMvcConfiguration - spring.jpa.open-in-view is enabled by default. Therefore, database queries may be performed during view rendering. Explicitly configure spring.jpa.open-in-view to disable this warning
2018-09-17 15:52:52.745 [restartedMain] WARN  org.thymeleaf.templatemode.TemplateMode - [THYMELEAF][restartedMain] Template Mode 'HTML5' is deprecated. Using Template Mode 'HTML' instead.
2018-09-17 15:54:00.488 [restartedMain] WARN  o.s.b.a.o.j.JpaBaseConfiguration$JpaWebConfiguration$JpaWebMvcConfiguration - spring.jpa.open-in-view is enabled by default. Therefore, database queries may be performed during view rendering. Explicitly configure spring.jpa.open-in-view to disable this warning
2018-09-17 15:54:00.645 [restartedMain] WARN  org.thymeleaf.templatemode.TemplateMode - [THYMELEAF][restartedMain] Template Mode 'HTML5' is deprecated. Using Template Mode 'HTML' instead.
2018-09-17 15:57:04.725 [restartedMain] WARN  o.s.b.w.s.c.AnnotationConfigServletWebServerApplicationContext - Exception encountered during context initialization - cancelling refresh attempt: org.springframework.beans.factory.BeanCreationException: Error creating bean with name 'myWebSecurityConfig' defined in file [F:\liuchao\lcIDEAworkSpace\springboot\target\classes\com\lc\config\MyWebSecurityConfig.class]: Post-processing of merged bean definition failed; nested exception is java.lang.IllegalStateException: Failed to introspect Class [com.lc.config.MyWebSecurityConfig] from ClassLoader [org.springframework.boot.devtools.restart.classloader.RestartClassLoader@490de208]
2018-09-17 16:07:52.148 [restartedMain] WARN  o.s.b.w.s.c.AnnotationConfigServletWebServerApplicationContext - Exception encountered during context initialization - cancelling refresh attempt: org.springframework.beans.factory.BeanCreationException: Error creating bean with name 'myWebSecurityConfig' defined in file [F:\liuchao\lcIDEAworkSpace\springboot\target\classes\com\lc\config\MyWebSecurityConfig.class]: Post-processing of merged bean definition failed; nested exception is java.lang.IllegalStateException: Failed to introspect Class [com.lc.config.MyWebSecurityConfig] from ClassLoader [org.springframework.boot.devtools.restart.classloader.RestartClassLoader@4d4b821f]
2018-09-17 16:07:57.525 [restartedMain] WARN  o.s.b.w.s.c.AnnotationConfigServletWebServerApplicationContext - Exception encountered during context initialization - cancelling refresh attempt: org.springframework.beans.factory.BeanCreationException: Error creating bean with name 'uploadController' defined in file [F:\liuchao\lcIDEAworkSpace\springboot\target\classes\com\lc\controller\UploadController.class]: Post-processing of merged bean definition failed; nested exception is java.lang.IllegalStateException: Failed to introspect Class [com.lc.controller.UploadController] from ClassLoader [org.springframework.boot.devtools.restart.classloader.RestartClassLoader@45effc39]
2018-09-17 16:08:02.073 [restartedMain] WARN  o.s.b.a.o.j.JpaBaseConfiguration$JpaWebConfiguration$JpaWebMvcConfiguration - spring.jpa.open-in-view is enabled by default. Therefore, database queries may be performed during view rendering. Explicitly configure spring.jpa.open-in-view to disable this warning
2018-09-17 16:08:02.182 [restartedMain] WARN  org.thymeleaf.templatemode.TemplateMode - [THYMELEAF][restartedMain] Template Mode 'HTML5' is deprecated. Using Template Mode 'HTML' instead.
2018-09-17 16:10:31.617 [restartedMain] WARN  o.s.b.w.s.c.AnnotationConfigServletWebServerApplicationContext - Exception encountered during context initialization - cancelling refresh attempt: org.springframework.beans.factory.BeanCreationException: Error creating bean with name 'myWebSecurityConfig' defined in file [F:\liuchao\lcIDEAworkSpace\springboot\target\classes\com\lc\config\MyWebSecurityConfig.class]: Post-processing of merged bean definition failed; nested exception is java.lang.IllegalStateException: Failed to introspect Class [com.lc.config.MyWebSecurityConfig] from ClassLoader [org.springframework.boot.devtools.restart.classloader.RestartClassLoader@6efc601a]
2018-09-17 16:10:36.451 [restartedMain] WARN  o.s.b.a.o.j.JpaBaseConfiguration$JpaWebConfiguration$JpaWebMvcConfiguration - spring.jpa.open-in-view is enabled by default. Therefore, database queries may be performed during view rendering. Explicitly configure spring.jpa.open-in-view to disable this warning
2018-09-17 16:10:36.545 [restartedMain] WARN  org.thymeleaf.templatemode.TemplateMode - [THYMELEAF][restartedMain] Template Mode 'HTML5' is deprecated. Using Template Mode 'HTML' instead.
2018-09-17 16:10:45.393 [restartedMain] WARN  o.s.b.w.s.c.AnnotationConfigServletWebServerApplicationContext - Exception encountered during context initialization - cancelling refresh attempt: org.springframework.beans.factory.BeanCreationException: Error creating bean with name 'myWebSecurityConfig' defined in file [F:\liuchao\lcIDEAworkSpace\springboot\target\classes\com\lc\config\MyWebSecurityConfig.class]: Post-processing of merged bean definition failed; nested exception is java.lang.IllegalStateException: Failed to introspect Class [com.lc.config.MyWebSecurityConfig] from ClassLoader [org.springframework.boot.devtools.restart.classloader.RestartClassLoader@2ee4e658]
2018-09-17 16:11:56.649 [restartedMain] WARN  o.s.b.a.o.j.JpaBaseConfiguration$JpaWebConfiguration$JpaWebMvcConfiguration - spring.jpa.open-in-view is enabled by default. Therefore, database queries may be performed during view rendering. Explicitly configure spring.jpa.open-in-view to disable this warning
2018-09-17 16:11:56.820 [restartedMain] WARN  org.thymeleaf.templatemode.TemplateMode - [THYMELEAF][restartedMain] Template Mode 'HTML5' is deprecated. Using Template Mode 'HTML' instead.
2018-09-17 16:16:35.665 [restartedMain] WARN  o.s.b.a.o.j.JpaBaseConfiguration$JpaWebConfiguration$JpaWebMvcConfiguration - spring.jpa.open-in-view is enabled by default. Therefore, database queries may be performed during view rendering. Explicitly configure spring.jpa.open-in-view to disable this warning
2018-09-17 16:16:35.728 [restartedMain] WARN  org.thymeleaf.templatemode.TemplateMode - [THYMELEAF][restartedMain] Template Mode 'HTML5' is deprecated. Using Template Mode 'HTML' instead.
2018-09-17 16:17:05.795 [restartedMain] WARN  o.s.b.a.o.j.JpaBaseConfiguration$JpaWebConfiguration$JpaWebMvcConfiguration - spring.jpa.open-in-view is enabled by default. Therefore, database queries may be performed during view rendering. Explicitly configure spring.jpa.open-in-view to disable this warning
2018-09-17 16:17:05.988 [restartedMain] WARN  org.thymeleaf.templatemode.TemplateMode - [THYMELEAF][restartedMain] Template Mode 'HTML5' is deprecated. Using Template Mode 'HTML' instead.
2018-09-17 16:19:28.980 [restartedMain] WARN  o.s.b.a.o.j.JpaBaseConfiguration$JpaWebConfiguration$JpaWebMvcConfiguration - spring.jpa.open-in-view is enabled by default. Therefore, database queries may be performed during view rendering. Explicitly configure spring.jpa.open-in-view to disable this warning
2018-09-17 16:19:29.063 [restartedMain] WARN  org.thymeleaf.templatemode.TemplateMode - [THYMELEAF][restartedMain] Template Mode 'HTML5' is deprecated. Using Template Mode 'HTML' instead.
2018-09-17 16:20:40.698 [restartedMain] WARN  o.s.b.a.o.j.JpaBaseConfiguration$JpaWebConfiguration$JpaWebMvcConfiguration - spring.jpa.open-in-view is enabled by default. Therefore, database queries may be performed during view rendering. Explicitly configure spring.jpa.open-in-view to disable this warning
2018-09-17 16:20:40.822 [restartedMain] WARN  org.thymeleaf.templatemode.TemplateMode - [THYMELEAF][restartedMain] Template Mode 'HTML5' is deprecated. Using Template Mode 'HTML' instead.
2018-09-17 16:21:08.763 [restartedMain] WARN  o.s.b.w.s.c.AnnotationConfigServletWebServerApplicationContext - Exception encountered during context initialization - cancelling refresh attempt: org.springframework.beans.factory.BeanCreationException: Error creating bean with name 'myWebSecurityConfig' defined in file [F:\liuchao\lcIDEAworkSpace\springboot\target\classes\com\lc\config\MyWebSecurityConfig.class]: Post-processing of merged bean definition failed; nested exception is java.lang.IllegalStateException: Failed to introspect Class [com.lc.config.MyWebSecurityConfig] from ClassLoader [org.springframework.boot.devtools.restart.classloader.RestartClassLoader@71d09f]
2018-09-17 16:21:18.985 [restartedMain] WARN  o.s.b.a.o.j.JpaBaseConfiguration$JpaWebConfiguration$JpaWebMvcConfiguration - spring.jpa.open-in-view is enabled by default. Therefore, database queries may be performed during view rendering. Explicitly configure spring.jpa.open-in-view to disable this warning
2018-09-17 16:21:19.173 [restartedMain] WARN  org.thymeleaf.templatemode.TemplateMode - [THYMELEAF][restartedMain] Template Mode 'HTML5' is deprecated. Using Template Mode 'HTML' instead.
2018-09-17 16:21:36.671 [restartedMain] WARN  o.s.b.w.s.c.AnnotationConfigServletWebServerApplicationContext - Exception encountered during context initialization - cancelling refresh attempt: org.springframework.beans.factory.BeanCreationException: Error creating bean with name 'myWebSecurityConfig' defined in file [F:\liuchao\lcIDEAworkSpace\springboot\target\classes\com\lc\config\MyWebSecurityConfig.class]: Post-processing of merged bean definition failed; nested exception is java.lang.IllegalStateException: Failed to introspect Class [com.lc.config.MyWebSecurityConfig] from ClassLoader [org.springframework.boot.devtools.restart.classloader.RestartClassLoader@78d0dbbb]
2018-09-17 16:21:43.531 [restartedMain] WARN  o.s.b.a.o.j.JpaBaseConfiguration$JpaWebConfiguration$JpaWebMvcConfiguration - spring.jpa.open-in-view is enabled by default. Therefore, database queries may be performed during view rendering. Explicitly configure spring.jpa.open-in-view to disable this warning
2018-09-17 16:21:43.587 [restartedMain] WARN  org.thymeleaf.templatemode.TemplateMode - [THYMELEAF][restartedMain] Template Mode 'HTML5' is deprecated. Using Template Mode 'HTML' instead.
2018-09-17 16:22:24.641 [restartedMain] WARN  o.s.b.w.s.c.AnnotationConfigServletWebServerApplicationContext - Exception encountered during context initialization - cancelling refresh attempt: org.springframework.beans.factory.BeanCreationException: Error creating bean with name 'myWebSecurityConfig' defined in file [F:\liuchao\lcIDEAworkSpace\springboot\target\classes\com\lc\config\MyWebSecurityConfig.class]: Post-processing of merged bean definition failed; nested exception is java.lang.IllegalStateException: Failed to introspect Class [com.lc.config.MyWebSecurityConfig] from ClassLoader [org.springframework.boot.devtools.restart.classloader.RestartClassLoader@6a8b394]
2018-09-17 17:04:24.043 [restartedMain] WARN  o.s.b.a.o.j.JpaBaseConfiguration$JpaWebConfiguration$JpaWebMvcConfiguration - spring.jpa.open-in-view is enabled by default. Therefore, database queries may be performed during view rendering. Explicitly configure spring.jpa.open-in-view to disable this warning
2018-09-17 17:04:24.211 [restartedMain] WARN  org.thymeleaf.templatemode.TemplateMode - [THYMELEAF][restartedMain] Template Mode 'HTML5' is deprecated. Using Template Mode 'HTML' instead.
2018-09-17 17:04:44.897 [restartedMain] WARN  o.s.b.a.o.j.JpaBaseConfiguration$JpaWebConfiguration$JpaWebMvcConfiguration - spring.jpa.open-in-view is enabled by default. Therefore, database queries may be performed during view rendering. Explicitly configure spring.jpa.open-in-view to disable this warning
2018-09-17 17:04:45.063 [restartedMain] WARN  org.thymeleaf.templatemode.TemplateMode - [THYMELEAF][restartedMain] Template Mode 'HTML5' is deprecated. Using Template Mode 'HTML' instead.
2018-09-17 17:05:06.429 [restartedMain] WARN  o.s.b.a.o.j.JpaBaseConfiguration$JpaWebConfiguration$JpaWebMvcConfiguration - spring.jpa.open-in-view is enabled by default. Therefore, database queries may be performed during view rendering. Explicitly configure spring.jpa.open-in-view to disable this warning
2018-09-17 17:05:06.620 [restartedMain] WARN  org.thymeleaf.templatemode.TemplateMode - [THYMELEAF][restartedMain] Template Mode 'HTML5' is deprecated. Using Template Mode 'HTML' instead.
